{"/Users/tommasopatriti/Desktop/piperchat/services/messagges/src/server.ts": {"path":"/Users/tommasopatriti/Desktop/piperchat/services/messagges/src/server.ts","statementMap":{"0":{"start":{"line":1,"column":0},"end":{"line":1,"column":24}},"1":{"start":{"line":2,"column":0},"end":{"line":2,"column":30}},"2":{"start":{"line":3,"column":0},"end":{"line":3,"column":48}},"3":{"start":{"line":4,"column":0},"end":{"line":4,"column":52}},"4":{"start":{"line":5,"column":0},"end":{"line":5,"column":41}},"5":{"start":{"line":13,"column":2},"end":{"line":13,"column":19}},"6":{"start":{"line":14,"column":2},"end":{"line":14,"column":23}},"7":{"start":{"line":15,"column":2},"end":{"line":15,"column":44}},"8":{"start":{"line":16,"column":2},"end":{"line":16,"column":25}},"9":{"start":{"line":17,"column":2},"end":{"line":17,"column":21}},"10":{"start":{"line":21,"column":2},"end":{"line":21,"column":31}},"11":{"start":{"line":22,"column":2},"end":{"line":22,"column":31}},"12":{"start":{"line":23,"column":2},"end":{"line":23,"column":38}},"13":{"start":{"line":27,"column":2},"end":{"line":27,"column":35}},"14":{"start":{"line":31,"column":2},"end":{"line":36,"column":5}},"15":{"start":{"line":32,"column":3},"end":{"line":35,"column":6}},"16":{"start":{"line":33,"column":4},"end":{"line":33,"column":16}},"17":{"start":{"line":34,"column":4},"end":{"line":34,"column":14}},"18":{"start":{"line":40,"column":2},"end":{"line":40,"column":22}},"19":{"start":{"line":7,"column":0},"end":{"line":7,"column":13}}},"fnMap":{"0":{"name":"(anonymous_8)","decl":{"start":{"line":12,"column":1},"end":{"line":12,"column":13}},"loc":{"start":{"line":12,"column":25},"end":{"line":18,"column":2}}},"1":{"name":"(anonymous_9)","decl":{"start":{"line":20,"column":9},"end":{"line":20,"column":24}},"loc":{"start":{"line":20,"column":24},"end":{"line":24,"column":2}}},"2":{"name":"(anonymous_10)","decl":{"start":{"line":26,"column":9},"end":{"line":26,"column":20}},"loc":{"start":{"line":26,"column":20},"end":{"line":28,"column":2}}},"3":{"name":"(anonymous_11)","decl":{"start":{"line":30,"column":7},"end":{"line":30,"column":12}},"loc":{"start":{"line":30,"column":45},"end":{"line":37,"column":null}}},"4":{"name":"(anonymous_12)","decl":{"start":{"line":30,"column":37},"end":{"line":30,"column":40}},"loc":{"start":{"line":30,"column":42},"end":{"line":30,"column":45}}},"5":{"name":"(anonymous_14)","decl":{"start":{"line":31,"column":27},"end":{"line":31,"column":28}},"loc":{"start":{"line":31,"column":47},"end":{"line":36,"column":3}}},"6":{"name":"(anonymous_15)","decl":{"start":{"line":32,"column":33},"end":{"line":32,"column":36}},"loc":{"start":{"line":32,"column":38},"end":{"line":35,"column":4}}},"7":{"name":"(anonymous_16)","decl":{"start":{"line":39,"column":1},"end":{"line":39,"column":5}},"loc":{"start":{"line":39,"column":5},"end":{"line":41,"column":2}}}},"branchMap":{"0":{"loc":{"start":{"line":30,"column":13},"end":{"line":30,"column":45}},"type":"default-arg","locations":[{"start":{"line":30,"column":37},"end":{"line":30,"column":45}}]}},"s":{"0":1,"1":1,"2":1,"3":1,"4":1,"5":1,"6":1,"7":1,"8":1,"9":1,"10":1,"11":1,"12":1,"13":1,"14":1,"15":1,"16":1,"17":1,"18":1,"19":1},"f":{"0":1,"1":1,"2":1,"3":1,"4":1,"5":1,"6":1,"7":1},"b":{"0":[1]}}
,"/Users/tommasopatriti/Desktop/piperchat/services/messagges/src/controllers/message-controller.ts": {"path":"/Users/tommasopatriti/Desktop/piperchat/services/messagges/src/controllers/message-controller.ts","statementMap":{"0":{"start":{"line":3,"column":0},"end":{"line":3,"column":91}},"1":{"start":{"line":4,"column":0},"end":{"line":4,"column":71}},"2":{"start":{"line":5,"column":0},"end":{"line":5,"column":82}},"3":{"start":{"line":6,"column":0},"end":{"line":6,"column":70}},"4":{"start":{"line":15,"column":10},"end":{"line":15,"column":73}},"5":{"start":{"line":16,"column":10},"end":{"line":17,"column":34}},"6":{"start":{"line":18,"column":10},"end":{"line":18,"column":72}},"7":{"start":{"line":21,"column":10},"end":{"line":22,"column":34}},"8":{"start":{"line":25,"column":31},"end":{"line":25,"column":41}},"9":{"start":{"line":26,"column":4},"end":{"line":34,"column":null}},"10":{"start":{"line":27,"column":6},"end":{"line":27,"column":77}},"11":{"start":{"line":29,"column":6},"end":{"line":33,"column":8}},"12":{"start":{"line":38,"column":23},"end":{"line":38,"column":33}},"13":{"start":{"line":39,"column":4},"end":{"line":39,"column":73}},"14":{"start":{"line":43,"column":32},"end":{"line":43,"column":40}},"15":{"start":{"line":44,"column":20},"end":{"line":44,"column":79}},"16":{"start":{"line":45,"column":4},"end":{"line":45,"column":22}},"17":{"start":{"line":49,"column":4},"end":{"line":49,"column":60}},"18":{"start":{"line":13,"column":0},"end":{"line":13,"column":13}}},"fnMap":{"0":{"name":"(anonymous_7)","decl":{"start":{"line":13,"column":0},"end":{"line":13,"column":13}},"loc":{"start":{"line":13,"column":0},"end":{"line":51,"column":1}}},"1":{"name":"(anonymous_8)","decl":{"start":{"line":24,"column":8},"end":{"line":24,"column":26}},"loc":{"start":{"line":24,"column":54},"end":{"line":35,"column":null}}},"2":{"name":"(anonymous_10)","decl":{"start":{"line":37,"column":16},"end":{"line":37,"column":36}},"loc":{"start":{"line":37,"column":64},"end":{"line":40,"column":null}}},"3":{"name":"(anonymous_12)","decl":{"start":{"line":42,"column":8},"end":{"line":42,"column":21}},"loc":{"start":{"line":42,"column":49},"end":{"line":46,"column":null}}},"4":{"name":"(anonymous_14)","decl":{"start":{"line":48,"column":8},"end":{"line":48,"column":22}},"loc":{"start":{"line":48,"column":50},"end":{"line":50,"column":null}}}},"branchMap":{"0":{"loc":{"start":{"line":26,"column":4},"end":{"line":34,"column":null}},"type":"if","locations":[{"start":{"line":26,"column":4},"end":{"line":34,"column":null}},{"start":{"line":28,"column":11},"end":{"line":34,"column":null}}]}},"s":{"0":1,"1":1,"2":1,"3":1,"4":1,"5":1,"6":1,"7":1,"8":0,"9":0,"10":0,"11":0,"12":0,"13":0,"14":0,"15":0,"16":0,"17":1,"18":1},"f":{"0":1,"1":0,"2":0,"3":0,"4":1},"b":{"0":[0,0]}}
,"/Users/tommasopatriti/Desktop/piperchat/services/messagges/src/events/events.ts": {"path":"/Users/tommasopatriti/Desktop/piperchat/services/messagges/src/events/events.ts","statementMap":{"0":{"start":{"line":1,"column":0},"end":{"line":1,"column":71}},"1":{"start":{"line":2,"column":0},"end":{"line":2,"column":82}},"2":{"start":{"line":3,"column":0},"end":{"line":3,"column":70}},"3":{"start":{"line":4,"column":0},"end":{"line":4,"column":46}},"4":{"start":{"line":20,"column":4},"end":{"line":20,"column":41}},"5":{"start":{"line":21,"column":4},"end":{"line":21,"column":30}},"6":{"start":{"line":22,"column":4},"end":{"line":22,"column":32}},"7":{"start":{"line":26,"column":20},"end":{"line":26,"column":44}},"8":{"start":{"line":29,"column":4},"end":{"line":31,"column":7}},"9":{"start":{"line":35,"column":4},"end":{"line":44,"column":7}},"10":{"start":{"line":35,"column":62},"end":{"line":44,"column":6}},"11":{"start":{"line":36,"column":6},"end":{"line":43,"column":null}},"12":{"start":{"line":38,"column":10},"end":{"line":38,"column":80}},"13":{"start":{"line":39,"column":10},"end":{"line":39,"column":16}},"14":{"start":{"line":42,"column":10},"end":{"line":42,"column":16}},"15":{"start":{"line":51,"column":20},"end":{"line":51,"column":44}},"16":{"start":{"line":52,"column":18},"end":{"line":54,"column":7}},"17":{"start":{"line":55,"column":4},"end":{"line":57,"column":null}},"18":{"start":{"line":56,"column":6},"end":{"line":56,"column":13}},"19":{"start":{"line":58,"column":4},"end":{"line":58,"column":56}},"20":{"start":{"line":59,"column":4},"end":{"line":67,"column":7}},"21":{"start":{"line":59,"column":52},"end":{"line":67,"column":6}},"22":{"start":{"line":60,"column":6},"end":{"line":62,"column":null}},"23":{"start":{"line":61,"column":8},"end":{"line":61,"column":15}},"24":{"start":{"line":64,"column":22},"end":{"line":64,"column":48}},"25":{"start":{"line":65,"column":19},"end":{"line":65,"column":38}},"26":{"start":{"line":66,"column":6},"end":{"line":66,"column":48}},"27":{"start":{"line":14,"column":17},"end":{"line":14,"column":80}},"28":{"start":{"line":15,"column":17},"end":{"line":16,"column":34}},"29":{"start":{"line":17,"column":17},"end":{"line":17,"column":79}},"30":{"start":{"line":12,"column":13},"end":{"line":12,"column":26}}},"fnMap":{"0":{"name":"(anonymous_7)","decl":{"start":{"line":19,"column":2},"end":{"line":19,"column":8}},"loc":{"start":{"line":19,"column":25},"end":{"line":23,"column":null}}},"1":{"name":"(anonymous_9)","decl":{"start":{"line":25,"column":2},"end":{"line":25,"column":8}},"loc":{"start":{"line":25,"column":27},"end":{"line":32,"column":null}}},"2":{"name":"(anonymous_11)","decl":{"start":{"line":34,"column":2},"end":{"line":34,"column":8}},"loc":{"start":{"line":34,"column":29},"end":{"line":45,"column":null}}},"3":{"name":"(anonymous_13)","decl":{"start":{"line":35,"column":40},"end":{"line":35,"column":47}},"loc":{"start":{"line":35,"column":62},"end":{"line":44,"column":6}}},"4":{"name":"(anonymous_14)","decl":{"start":{"line":35,"column":62},"end":{"line":35,"column":null}},"loc":{"start":{"line":35,"column":62},"end":{"line":44,"column":5}}},"5":{"name":"(anonymous_15)","decl":{"start":{"line":47,"column":10},"end":{"line":47,"column":16}},"loc":{"start":{"line":49,"column":48},"end":{"line":68,"column":null}}},"6":{"name":"(anonymous_17)","decl":{"start":{"line":59,"column":34},"end":{"line":59,"column":41}},"loc":{"start":{"line":59,"column":52},"end":{"line":67,"column":6}}},"7":{"name":"(anonymous_18)","decl":{"start":{"line":59,"column":52},"end":{"line":59,"column":null}},"loc":{"start":{"line":59,"column":52},"end":{"line":67,"column":5}}}},"branchMap":{"0":{"loc":{"start":{"line":29,"column":10},"end":{"line":31,"column":6}},"type":"cond-expr","locations":[{"start":{"line":29,"column":17},"end":{"line":29,"column":19}},{"start":{"line":29,"column":10},"end":{"line":31,"column":6}}]},"1":{"loc":{"start":{"line":29,"column":10},"end":{"line":29,"column":19}},"type":"binary-expr","locations":[{"start":{"line":29,"column":10},"end":{"line":29,"column":19}},{"start":{"line":29,"column":10},"end":{"line":29,"column":19}}]},"2":{"loc":{"start":{"line":36,"column":6},"end":{"line":43,"column":null}},"type":"switch","locations":[{"start":{"line":37,"column":8},"end":{"line":39,"column":16}},{"start":{"line":41,"column":8},"end":{"line":42,"column":16}}]},"3":{"loc":{"start":{"line":52,"column":24},"end":{"line":54,"column":6}},"type":"cond-expr","locations":[{"start":{"line":52,"column":31},"end":{"line":52,"column":33}},{"start":{"line":52,"column":24},"end":{"line":54,"column":6}}]},"4":{"loc":{"start":{"line":52,"column":24},"end":{"line":52,"column":33}},"type":"binary-expr","locations":[{"start":{"line":52,"column":24},"end":{"line":52,"column":33}},{"start":{"line":52,"column":24},"end":{"line":52,"column":33}}]},"5":{"loc":{"start":{"line":55,"column":4},"end":{"line":57,"column":null}},"type":"if","locations":[{"start":{"line":55,"column":4},"end":{"line":57,"column":null}}]},"6":{"loc":{"start":{"line":58,"column":10},"end":{"line":58,"column":55}},"type":"cond-expr","locations":[{"start":{"line":58,"column":17},"end":{"line":58,"column":19}},{"start":{"line":58,"column":10},"end":{"line":58,"column":55}}]},"7":{"loc":{"start":{"line":58,"column":10},"end":{"line":58,"column":19}},"type":"binary-expr","locations":[{"start":{"line":58,"column":10},"end":{"line":58,"column":19}},{"start":{"line":58,"column":10},"end":{"line":58,"column":19}}]},"8":{"loc":{"start":{"line":59,"column":4},"end":{"line":67,"column":6}},"type":"cond-expr","locations":[{"start":{"line":59,"column":11},"end":{"line":59,"column":13}},{"start":{"line":59,"column":4},"end":{"line":67,"column":6}}]},"9":{"loc":{"start":{"line":59,"column":4},"end":{"line":59,"column":13}},"type":"binary-expr","locations":[{"start":{"line":59,"column":4},"end":{"line":59,"column":13}},{"start":{"line":59,"column":4},"end":{"line":59,"column":13}}]},"10":{"loc":{"start":{"line":60,"column":6},"end":{"line":62,"column":null}},"type":"if","locations":[{"start":{"line":60,"column":6},"end":{"line":62,"column":null}}]}},"s":{"0":1,"1":1,"2":1,"3":1,"4":1,"5":1,"6":1,"7":1,"8":1,"9":1,"10":0,"11":0,"12":0,"13":0,"14":0,"15":1,"16":1,"17":1,"18":0,"19":1,"20":1,"21":0,"22":0,"23":0,"24":0,"25":0,"26":0,"27":1,"28":1,"29":1,"30":1},"f":{"0":1,"1":1,"2":1,"3":0,"4":0,"5":1,"6":0,"7":0},"b":{"0":[0,1],"1":[1,1],"2":[0,0],"3":[0,1],"4":[1,1],"5":[0],"6":[0,1],"7":[1,1],"8":[0,1],"9":[1,1],"10":[0]}}
,"/Users/tommasopatriti/Desktop/piperchat/services/messagges/src/events/repositories/basic-events-repository.ts": {"path":"/Users/tommasopatriti/Desktop/piperchat/services/messagges/src/events/repositories/basic-events-repository.ts","statementMap":{"0":{"start":{"line":1,"column":0},"end":{"line":1,"column":49}},"1":{"start":{"line":7,"column":2},"end":{"line":9,"column":null}},"2":{"start":{"line":8,"column":3},"end":{"line":8,"column":40}},"3":{"start":{"line":10,"column":2},"end":{"line":10,"column":34}},"4":{"start":{"line":3,"column":0},"end":{"line":3,"column":13}}},"fnMap":{"0":{"name":"(anonymous_0)","decl":{"start":{"line":6,"column":11},"end":{"line":6,"column":21}},"loc":{"start":{"line":6,"column":21},"end":{"line":11,"column":2}}}},"branchMap":{"0":{"loc":{"start":{"line":7,"column":2},"end":{"line":9,"column":null}},"type":"if","locations":[{"start":{"line":7,"column":2},"end":{"line":9,"column":null}}]}},"s":{"0":1,"1":0,"2":0,"3":0,"4":1},"f":{"0":0},"b":{"0":[0]}}
,"/Users/tommasopatriti/Desktop/piperchat/services/messagges/src/events/repositories/message-events-repository.ts": {"path":"/Users/tommasopatriti/Desktop/piperchat/services/messagges/src/events/repositories/message-events-repository.ts","statementMap":{"0":{"start":{"line":2,"column":0},"end":{"line":2,"column":66}},"1":{"start":{"line":10,"column":20},"end":{"line":10,"column":37}},"2":{"start":{"line":11,"column":4},"end":{"line":11,"column":79}},"3":{"start":{"line":8,"column":0},"end":{"line":8,"column":13}}},"fnMap":{"0":{"name":"(anonymous_7)","decl":{"start":{"line":9,"column":8},"end":{"line":9,"column":25}},"loc":{"start":{"line":9,"column":35},"end":{"line":12,"column":null}}}},"branchMap":{"0":{"loc":{"start":{"line":11,"column":4},"end":{"line":11,"column":78}},"type":"cond-expr","locations":[{"start":{"line":11,"column":11},"end":{"line":11,"column":13}},{"start":{"line":11,"column":4},"end":{"line":11,"column":78}}]},"1":{"loc":{"start":{"line":11,"column":4},"end":{"line":11,"column":13}},"type":"binary-expr","locations":[{"start":{"line":11,"column":4},"end":{"line":11,"column":13}},{"start":{"line":11,"column":4},"end":{"line":11,"column":13}}]}},"s":{"0":1,"1":0,"2":0,"3":1},"f":{"0":0},"b":{"0":[0,0],"1":[0,0]}}
,"/Users/tommasopatriti/Desktop/piperchat/services/messagges/src/models/chat-model.ts": {"path":"/Users/tommasopatriti/Desktop/piperchat/services/messagges/src/models/chat-model.ts","statementMap":{"0":{"start":{"line":1,"column":0},"end":{"line":1,"column":41}},"1":{"start":{"line":3,"column":22},"end":{"line":8,"column":2}},"2":{"start":{"line":11,"column":27},"end":{"line":16,"column":2}},"3":{"start":{"line":19,"column":22},"end":{"line":26,"column":2}},"4":{"start":{"line":28,"column":21},"end":{"line":35,"column":2}},"5":{"start":{"line":38,"column":0},"end":{"line":56,"column":3}},"6":{"start":{"line":39,"column":23},"end":{"line":39,"column":27}},"7":{"start":{"line":40,"column":28},"end":{"line":40,"column":70}},"8":{"start":{"line":41,"column":19},"end":{"line":41,"column":20}},"9":{"start":{"line":42,"column":2},"end":{"line":54,"column":null}},"10":{"start":{"line":43,"column":16},"end":{"line":45,"column":33}},"11":{"start":{"line":47,"column":4},"end":{"line":52,"column":null}},"12":{"start":{"line":48,"column":6},"end":{"line":50,"column":36}},"13":{"start":{"line":51,"column":6},"end":{"line":51,"column":25}},"14":{"start":{"line":53,"column":4},"end":{"line":53,"column":28}},"15":{"start":{"line":55,"column":2},"end":{"line":55,"column":9}},"16":{"start":{"line":59,"column":0},"end":{"line":77,"column":3}},"17":{"start":{"line":60,"column":18},"end":{"line":60,"column":22}},"18":{"start":{"line":61,"column":23},"end":{"line":61,"column":55}},"19":{"start":{"line":62,"column":19},"end":{"line":62,"column":20}},"20":{"start":{"line":63,"column":2},"end":{"line":75,"column":null}},"21":{"start":{"line":64,"column":16},"end":{"line":66,"column":33}},"22":{"start":{"line":68,"column":4},"end":{"line":73,"column":null}},"23":{"start":{"line":69,"column":6},"end":{"line":71,"column":36}},"24":{"start":{"line":72,"column":6},"end":{"line":72,"column":25}},"25":{"start":{"line":74,"column":4},"end":{"line":74,"column":23}},"26":{"start":{"line":76,"column":2},"end":{"line":76,"column":9}},"27":{"start":{"line":80,"column":0},"end":{"line":97,"column":3}},"28":{"start":{"line":81,"column":17},"end":{"line":81,"column":21}},"29":{"start":{"line":82,"column":22},"end":{"line":82,"column":52}},"30":{"start":{"line":83,"column":19},"end":{"line":83,"column":20}},"31":{"start":{"line":84,"column":2},"end":{"line":95,"column":null}},"32":{"start":{"line":85,"column":16},"end":{"line":87,"column":33}},"33":{"start":{"line":88,"column":4},"end":{"line":93,"column":null}},"34":{"start":{"line":89,"column":6},"end":{"line":91,"column":36}},"35":{"start":{"line":92,"column":6},"end":{"line":92,"column":25}},"36":{"start":{"line":94,"column":4},"end":{"line":94,"column":22}},"37":{"start":{"line":96,"column":2},"end":{"line":96,"column":9}},"38":{"start":{"line":99,"column":22},"end":{"line":99,"column":64}},"39":{"start":{"line":104,"column":9},"end":{"line":104,"column":22}},"40":{"start":{"line":100,"column":17},"end":{"line":100,"column":49}},"41":{"start":{"line":104,"column":24},"end":{"line":104,"column":32}},"42":{"start":{"line":101,"column":17},"end":{"line":101,"column":49}},"43":{"start":{"line":104,"column":34},"end":{"line":104,"column":42}},"44":{"start":{"line":102,"column":16},"end":{"line":102,"column":46}},"45":{"start":{"line":104,"column":44},"end":{"line":104,"column":51}}},"fnMap":{"0":{"name":"(anonymous_7)","decl":{"start":{"line":38,"column":31},"end":{"line":38,"column":47}},"loc":{"start":{"line":38,"column":51},"end":{"line":56,"column":2}}},"1":{"name":"(anonymous_9)","decl":{"start":{"line":59,"column":26},"end":{"line":59,"column":42}},"loc":{"start":{"line":59,"column":46},"end":{"line":77,"column":2}}},"2":{"name":"(anonymous_11)","decl":{"start":{"line":80,"column":25},"end":{"line":80,"column":41}},"loc":{"start":{"line":80,"column":45},"end":{"line":97,"column":2}}}},"branchMap":{"0":{"loc":{"start":{"line":42,"column":2},"end":{"line":54,"column":null}},"type":"if","locations":[{"start":{"line":42,"column":2},"end":{"line":54,"column":null}}]},"1":{"loc":{"start":{"line":63,"column":2},"end":{"line":75,"column":null}},"type":"if","locations":[{"start":{"line":63,"column":2},"end":{"line":75,"column":null}}]},"2":{"loc":{"start":{"line":84,"column":2},"end":{"line":95,"column":null}},"type":"if","locations":[{"start":{"line":84,"column":2},"end":{"line":95,"column":null}}]}},"s":{"0":1,"1":1,"2":1,"3":1,"4":1,"5":1,"6":0,"7":0,"8":0,"9":0,"10":0,"11":0,"12":0,"13":0,"14":0,"15":0,"16":1,"17":0,"18":0,"19":0,"20":0,"21":0,"22":0,"23":0,"24":0,"25":0,"26":0,"27":1,"28":0,"29":0,"30":0,"31":0,"32":0,"33":0,"34":0,"35":0,"36":0,"37":0,"38":1,"39":1,"40":1,"41":1,"42":1,"43":1,"44":1,"45":1},"f":{"0":0,"1":0,"2":0},"b":{"0":[0],"1":[0],"2":[0]}}
,"/Users/tommasopatriti/Desktop/piperchat/services/messagges/src/repositories/conversation-repository.ts": {"path":"/Users/tommasopatriti/Desktop/piperchat/services/messagges/src/repositories/conversation-repository.ts","statementMap":{"0":{"start":{"line":1,"column":0},"end":{"line":1,"column":53}},"1":{"start":{"line":9,"column":4},"end":{"line":11,"column":6}},"2":{"start":{"line":15,"column":4},"end":{"line":17,"column":6}},"3":{"start":{"line":21,"column":25},"end":{"line":23,"column":6}},"4":{"start":{"line":24,"column":4},"end":{"line":24,"column":37}},"5":{"start":{"line":28,"column":4},"end":{"line":28,"column":50}},"6":{"start":{"line":32,"column":24},"end":{"line":32,"column":28}},"7":{"start":{"line":33,"column":4},"end":{"line":33,"column":57}},"8":{"start":{"line":37,"column":25},"end":{"line":37,"column":68}},"9":{"start":{"line":38,"column":4},"end":{"line":40,"column":null}},"10":{"start":{"line":39,"column":6},"end":{"line":39,"column":18}},"11":{"start":{"line":41,"column":4},"end":{"line":41,"column":40}},"12":{"start":{"line":42,"column":4},"end":{"line":42,"column":37}},"13":{"start":{"line":7,"column":0},"end":{"line":7,"column":13}}},"fnMap":{"0":{"name":"(anonymous_7)","decl":{"start":{"line":8,"column":8},"end":{"line":8,"column":35}},"loc":{"start":{"line":8,"column":58},"end":{"line":12,"column":null}}},"1":{"name":"(anonymous_9)","decl":{"start":{"line":14,"column":8},"end":{"line":14,"column":26}},"loc":{"start":{"line":14,"column":43},"end":{"line":18,"column":null}}},"2":{"name":"(anonymous_11)","decl":{"start":{"line":20,"column":8},"end":{"line":20,"column":26}},"loc":{"start":{"line":20,"column":49},"end":{"line":25,"column":null}}},"3":{"name":"(anonymous_13)","decl":{"start":{"line":27,"column":8},"end":{"line":27,"column":26}},"loc":{"start":{"line":27,"column":39},"end":{"line":29,"column":null}}},"4":{"name":"(anonymous_15)","decl":{"start":{"line":31,"column":8},"end":{"line":31,"column":27}},"loc":{"start":{"line":31,"column":27},"end":{"line":34,"column":null}}},"5":{"name":"(anonymous_17)","decl":{"start":{"line":36,"column":8},"end":{"line":36,"column":32}},"loc":{"start":{"line":36,"column":62},"end":{"line":43,"column":null}}}},"branchMap":{"0":{"loc":{"start":{"line":38,"column":4},"end":{"line":40,"column":null}},"type":"if","locations":[{"start":{"line":38,"column":4},"end":{"line":40,"column":null}}]}},"s":{"0":1,"1":0,"2":0,"3":0,"4":0,"5":0,"6":0,"7":0,"8":0,"9":0,"10":0,"11":0,"12":0,"13":1},"f":{"0":0,"1":0,"2":0,"3":0,"4":0,"5":0},"b":{"0":[0]}}
,"/Users/tommasopatriti/Desktop/piperchat/services/messagges/src/repositories/message-repository.ts": {"path":"/Users/tommasopatriti/Desktop/piperchat/services/messagges/src/repositories/message-repository.ts","statementMap":{"0":{"start":{"line":1,"column":0},"end":{"line":1,"column":48}},"1":{"start":{"line":8,"column":20},"end":{"line":11,"column":6}},"2":{"start":{"line":12,"column":4},"end":{"line":12,"column":32}},"3":{"start":{"line":16,"column":4},"end":{"line":16,"column":51}},"4":{"start":{"line":20,"column":24},"end":{"line":20,"column":28}},"5":{"start":{"line":21,"column":4},"end":{"line":21,"column":52}},"6":{"start":{"line":6,"column":0},"end":{"line":6,"column":13}}},"fnMap":{"0":{"name":"(anonymous_7)","decl":{"start":{"line":7,"column":8},"end":{"line":7,"column":21}},"loc":{"start":{"line":7,"column":53},"end":{"line":13,"column":null}}},"1":{"name":"(anonymous_9)","decl":{"start":{"line":15,"column":8},"end":{"line":15,"column":29}},"loc":{"start":{"line":15,"column":44},"end":{"line":17,"column":null}}},"2":{"name":"(anonymous_11)","decl":{"start":{"line":19,"column":8},"end":{"line":19,"column":22}},"loc":{"start":{"line":19,"column":22},"end":{"line":22,"column":null}}}},"branchMap":{},"s":{"0":1,"1":0,"2":0,"3":0,"4":1,"5":1,"6":1},"f":{"0":0,"1":0,"2":1},"b":{}}
,"/Users/tommasopatriti/Desktop/piperchat/services/messagges/src/repositories/server-repository.ts": {"path":"/Users/tommasopatriti/Desktop/piperchat/services/messagges/src/repositories/server-repository.ts","statementMap":{"0":{"start":{"line":1,"column":0},"end":{"line":1,"column":47}},"1":{"start":{"line":5,"column":19},"end":{"line":5,"column":52}},"2":{"start":{"line":6,"column":4},"end":{"line":6,"column":18}},"3":{"start":{"line":11,"column":19},"end":{"line":11,"column":79}},"4":{"start":{"line":12,"column":4},"end":{"line":12,"column":18}},"5":{"start":{"line":16,"column":19},"end":{"line":16,"column":56}},"6":{"start":{"line":17,"column":4},"end":{"line":17,"column":18}},"7":{"start":{"line":21,"column":19},"end":{"line":21,"column":60}},"8":{"start":{"line":22,"column":4},"end":{"line":22,"column":18}},"9":{"start":{"line":32,"column":19},"end":{"line":38,"column":6}},"10":{"start":{"line":39,"column":4},"end":{"line":39,"column":31}},"11":{"start":{"line":43,"column":4},"end":{"line":43,"column":77}},"12":{"start":{"line":47,"column":4},"end":{"line":47,"column":53}},"13":{"start":{"line":51,"column":24},"end":{"line":51,"column":28}},"14":{"start":{"line":52,"column":4},"end":{"line":52,"column":51}},"15":{"start":{"line":56,"column":19},"end":{"line":56,"column":52}},"16":{"start":{"line":57,"column":4},"end":{"line":59,"column":null}},"17":{"start":{"line":58,"column":6},"end":{"line":58,"column":18}},"18":{"start":{"line":60,"column":4},"end":{"line":60,"column":43}},"19":{"start":{"line":61,"column":4},"end":{"line":61,"column":31}},"20":{"start":{"line":65,"column":19},"end":{"line":65,"column":52}},"21":{"start":{"line":66,"column":4},"end":{"line":68,"column":null}},"22":{"start":{"line":67,"column":6},"end":{"line":67,"column":18}},"23":{"start":{"line":69,"column":4},"end":{"line":69,"column":63}},"24":{"start":{"line":69,"column":50},"end":{"line":69,"column":61}},"25":{"start":{"line":70,"column":4},"end":{"line":70,"column":31}},"26":{"start":{"line":74,"column":19},"end":{"line":74,"column":52}},"27":{"start":{"line":75,"column":4},"end":{"line":77,"column":null}},"28":{"start":{"line":76,"column":6},"end":{"line":76,"column":18}},"29":{"start":{"line":78,"column":4},"end":{"line":78,"column":34}},"30":{"start":{"line":79,"column":4},"end":{"line":79,"column":31}},"31":{"start":{"line":83,"column":19},"end":{"line":83,"column":52}},"32":{"start":{"line":84,"column":4},"end":{"line":86,"column":null}},"33":{"start":{"line":85,"column":6},"end":{"line":85,"column":18}},"34":{"start":{"line":87,"column":4},"end":{"line":87,"column":36}},"35":{"start":{"line":88,"column":4},"end":{"line":88,"column":31}},"36":{"start":{"line":3,"column":0},"end":{"line":3,"column":13}}},"fnMap":{"0":{"name":"(anonymous_7)","decl":{"start":{"line":4,"column":8},"end":{"line":4,"column":21}},"loc":{"start":{"line":4,"column":32},"end":{"line":7,"column":null}}},"1":{"name":"(anonymous_9)","decl":{"start":{"line":9,"column":8},"end":{"line":9,"column":26}},"loc":{"start":{"line":9,"column":43},"end":{"line":13,"column":null}}},"2":{"name":"(anonymous_11)","decl":{"start":{"line":15,"column":8},"end":{"line":15,"column":23}},"loc":{"start":{"line":15,"column":36},"end":{"line":18,"column":null}}},"3":{"name":"(anonymous_13)","decl":{"start":{"line":20,"column":8},"end":{"line":20,"column":28}},"loc":{"start":{"line":20,"column":45},"end":{"line":23,"column":null}}},"4":{"name":"(anonymous_15)","decl":{"start":{"line":25,"column":8},"end":{"line":25,"column":20}},"loc":{"start":{"line":30,"column":22},"end":{"line":40,"column":null}}},"5":{"name":"(anonymous_17)","decl":{"start":{"line":42,"column":8},"end":{"line":42,"column":20}},"loc":{"start":{"line":42,"column":54},"end":{"line":44,"column":null}}},"6":{"name":"(anonymous_19)","decl":{"start":{"line":46,"column":8},"end":{"line":46,"column":20}},"loc":{"start":{"line":46,"column":37},"end":{"line":48,"column":null}}},"7":{"name":"(anonymous_21)","decl":{"start":{"line":50,"column":8},"end":{"line":50,"column":21}},"loc":{"start":{"line":50,"column":21},"end":{"line":53,"column":null}}},"8":{"name":"(anonymous_23)","decl":{"start":{"line":55,"column":8},"end":{"line":55,"column":25}},"loc":{"start":{"line":55,"column":52},"end":{"line":62,"column":null}}},"9":{"name":"(anonymous_25)","decl":{"start":{"line":64,"column":8},"end":{"line":64,"column":30}},"loc":{"start":{"line":64,"column":57},"end":{"line":71,"column":null}}},"10":{"name":"(anonymous_27)","decl":{"start":{"line":69,"column":43},"end":{"line":69,"column":44}},"loc":{"start":{"line":69,"column":50},"end":{"line":69,"column":61}}},"11":{"name":"(anonymous_28)","decl":{"start":{"line":73,"column":8},"end":{"line":73,"column":21}},"loc":{"start":{"line":73,"column":49},"end":{"line":80,"column":null}}},"12":{"name":"(anonymous_30)","decl":{"start":{"line":82,"column":8},"end":{"line":82,"column":31}},"loc":{"start":{"line":82,"column":59},"end":{"line":89,"column":null}}}},"branchMap":{"0":{"loc":{"start":{"line":57,"column":4},"end":{"line":59,"column":null}},"type":"if","locations":[{"start":{"line":57,"column":4},"end":{"line":59,"column":null}}]},"1":{"loc":{"start":{"line":66,"column":4},"end":{"line":68,"column":null}},"type":"if","locations":[{"start":{"line":66,"column":4},"end":{"line":68,"column":null}}]},"2":{"loc":{"start":{"line":75,"column":4},"end":{"line":77,"column":null}},"type":"if","locations":[{"start":{"line":75,"column":4},"end":{"line":77,"column":null}}]},"3":{"loc":{"start":{"line":84,"column":4},"end":{"line":86,"column":null}},"type":"if","locations":[{"start":{"line":84,"column":4},"end":{"line":86,"column":null}}]}},"s":{"0":1,"1":0,"2":0,"3":0,"4":0,"5":0,"6":0,"7":0,"8":0,"9":0,"10":0,"11":0,"12":0,"13":0,"14":0,"15":0,"16":0,"17":0,"18":0,"19":0,"20":0,"21":0,"22":0,"23":0,"24":0,"25":0,"26":0,"27":0,"28":0,"29":0,"30":0,"31":0,"32":0,"33":0,"34":0,"35":0,"36":1},"f":{"0":0,"1":0,"2":0,"3":0,"4":0,"5":0,"6":0,"7":0,"8":0,"9":0,"10":0,"11":0,"12":0},"b":{"0":[0],"1":[0],"2":[0],"3":[0]}}
,"/Users/tommasopatriti/Desktop/piperchat/services/messagges/src/routes/message-router.ts": {"path":"/Users/tommasopatriti/Desktop/piperchat/services/messagges/src/routes/message-router.ts","statementMap":{"0":{"start":{"line":1,"column":0},"end":{"line":1,"column":33}},"1":{"start":{"line":2,"column":0},"end":{"line":2,"column":70}},"2":{"start":{"line":3,"column":26},"end":{"line":3,"column":49}},"3":{"start":{"line":5,"column":22},"end":{"line":5,"column":30}},"4":{"start":{"line":16,"column":9},"end":{"line":16,"column":22}},"5":{"start":{"line":7,"column":0},"end":{"line":10,"column":65}},"6":{"start":{"line":12,"column":0},"end":{"line":14,"column":69}}},"fnMap":{},"branchMap":{},"s":{"0":1,"1":1,"2":1,"3":1,"4":1,"5":1,"6":1},"f":{},"b":{}}
,"/Users/tommasopatriti/Desktop/piperchat/services/messagges/src/routes/router.ts": {"path":"/Users/tommasopatriti/Desktop/piperchat/services/messagges/src/routes/router.ts","statementMap":{"0":{"start":{"line":1,"column":0},"end":{"line":1,"column":33}},"1":{"start":{"line":2,"column":0},"end":{"line":2,"column":49}},"2":{"start":{"line":4,"column":22},"end":{"line":4,"column":30}},"3":{"start":{"line":9,"column":9},"end":{"line":9,"column":22}},"4":{"start":{"line":7,"column":0},"end":{"line":7,"column":33}}},"fnMap":{},"branchMap":{},"s":{"0":1,"1":1,"2":1,"3":1,"4":1},"f":{},"b":{}}
,"/Users/tommasopatriti/Desktop/piperchat/services/messagges/src/utils/jwt.ts": {"path":"/Users/tommasopatriti/Desktop/piperchat/services/messagges/src/utils/jwt.ts","statementMap":{"0":{"start":{"line":2,"column":0},"end":{"line":2,"column":31}},"1":{"start":{"line":18,"column":37},"end":{"line":43,"column":1}},"2":{"start":{"line":19,"column":1},"end":{"line":19,"column":66}},"3":{"start":{"line":20,"column":21},"end":{"line":20,"column":36}},"4":{"start":{"line":21,"column":1},"end":{"line":25,"column":null}},"5":{"start":{"line":22,"column":2},"end":{"line":24,"column":58}},"6":{"start":{"line":26,"column":1},"end":{"line":42,"column":null}},"7":{"start":{"line":27,"column":18},"end":{"line":29,"column":null}},"8":{"start":{"line":31,"column":2},"end":{"line":31,"column":45}},"9":{"start":{"line":32,"column":2},"end":{"line":36,"column":4}},"10":{"start":{"line":37,"column":2},"end":{"line":37,"column":9}},"11":{"start":{"line":39,"column":2},"end":{"line":41,"column":68}},"12":{"start":{"line":18,"column":13},"end":{"line":18,"column":37}},"13":{"start":{"line":45,"column":39},"end":{"line":67,"column":1}},"14":{"start":{"line":46,"column":1},"end":{"line":46,"column":68}},"15":{"start":{"line":47,"column":21},"end":{"line":47,"column":36}},"16":{"start":{"line":48,"column":1},"end":{"line":52,"column":null}},"17":{"start":{"line":49,"column":2},"end":{"line":51,"column":58}},"18":{"start":{"line":53,"column":1},"end":{"line":66,"column":null}},"19":{"start":{"line":54,"column":2},"end":{"line":54,"column":71}},"20":{"start":{"line":55,"column":2},"end":{"line":57,"column":60}},"21":{"start":{"line":59,"column":15},"end":{"line":59,"column":45}},"22":{"start":{"line":60,"column":2},"end":{"line":64,"column":4}},"23":{"start":{"line":65,"column":2},"end":{"line":65,"column":9}},"24":{"start":{"line":45,"column":13},"end":{"line":45,"column":39}}},"fnMap":{"0":{"name":"(anonymous_1)","decl":{"start":{"line":18,"column":37},"end":{"line":18,"column":38}},"loc":{"start":{"line":18,"column":75},"end":{"line":43,"column":1}}},"1":{"name":"(anonymous_2)","decl":{"start":{"line":45,"column":39},"end":{"line":45,"column":40}},"loc":{"start":{"line":45,"column":77},"end":{"line":67,"column":1}}}},"branchMap":{"0":{"loc":{"start":{"line":21,"column":1},"end":{"line":25,"column":null}},"type":"if","locations":[{"start":{"line":21,"column":1},"end":{"line":25,"column":null}}]},"1":{"loc":{"start":{"line":29,"column":3},"end":{"line":29,"column":46}},"type":"binary-expr","locations":[{"start":{"line":29,"column":3},"end":{"line":29,"column":34}},{"start":{"line":29,"column":38},"end":{"line":29,"column":46}}]},"2":{"loc":{"start":{"line":48,"column":1},"end":{"line":52,"column":null}},"type":"if","locations":[{"start":{"line":48,"column":1},"end":{"line":52,"column":null}}]},"3":{"loc":{"start":{"line":54,"column":26},"end":{"line":54,"column":69}},"type":"binary-expr","locations":[{"start":{"line":54,"column":26},"end":{"line":54,"column":57}},{"start":{"line":54,"column":61},"end":{"line":54,"column":69}}]}},"s":{"0":1,"1":1,"2":1,"3":1,"4":1,"5":0,"6":1,"7":1,"8":1,"9":1,"10":1,"11":0,"12":1,"13":1,"14":0,"15":0,"16":0,"17":0,"18":0,"19":0,"20":0,"21":0,"22":0,"23":0,"24":1},"f":{"0":1,"1":0},"b":{"0":[0],"1":[1,1],"2":[0],"3":[0,0]}}
,"/Users/tommasopatriti/Desktop/piperchat/services/messagges/src/utils/mongoose.ts": {"path":"/Users/tommasopatriti/Desktop/piperchat/services/messagges/src/utils/mongoose.ts","statementMap":{"0":{"start":{"line":1,"column":0},"end":{"line":1,"column":32}},"1":{"start":{"line":4,"column":2},"end":{"line":9,"column":null}},"2":{"start":{"line":5,"column":3},"end":{"line":5,"column":41}},"3":{"start":{"line":6,"column":3},"end":{"line":6,"column":39}},"4":{"start":{"line":8,"column":3},"end":{"line":8,"column":22}},"5":{"start":{"line":13,"column":2},"end":{"line":13,"column":30}},"6":{"start":{"line":2,"column":0},"end":{"line":2,"column":13}}},"fnMap":{"0":{"name":"(anonymous_8)","decl":{"start":{"line":3,"column":1},"end":{"line":3,"column":7}},"loc":{"start":{"line":3,"column":46},"end":{"line":10,"column":null}}},"1":{"name":"(anonymous_10)","decl":{"start":{"line":12,"column":1},"end":{"line":12,"column":7}},"loc":{"start":{"line":12,"column":19},"end":{"line":14,"column":null}}}},"branchMap":{},"s":{"0":1,"1":1,"2":1,"3":1,"4":0,"5":1,"6":1},"f":{"0":1,"1":1},"b":{}}
,"/Users/tommasopatriti/Desktop/piperchat/services/messagges/src/utils/rabbit-mq.ts": {"path":"/Users/tommasopatriti/Desktop/piperchat/services/messagges/src/utils/rabbit-mq.ts","statementMap":{"0":{"start":{"line":1,"column":0},"end":{"line":1,"column":27}},"1":{"start":{"line":11,"column":2},"end":{"line":14,"column":null}},"2":{"start":{"line":12,"column":3},"end":{"line":12,"column":51}},"3":{"start":{"line":13,"column":3},"end":{"line":13,"column":37}},"4":{"start":{"line":18,"column":2},"end":{"line":20,"column":null}},"5":{"start":{"line":19,"column":3},"end":{"line":19,"column":47}},"6":{"start":{"line":24,"column":2},"end":{"line":26,"column":null}},"7":{"start":{"line":25,"column":3},"end":{"line":25,"column":47}},"8":{"start":{"line":27,"column":2},"end":{"line":27,"column":27}},"9":{"start":{"line":31,"column":2},"end":{"line":31,"column":37}},"10":{"start":{"line":35,"column":2},"end":{"line":41,"column":null}},"11":{"start":{"line":36,"column":3},"end":{"line":36,"column":60}},"12":{"start":{"line":37,"column":3},"end":{"line":37,"column":56}},"13":{"start":{"line":38,"column":3},"end":{"line":38,"column":40}},"14":{"start":{"line":40,"column":3},"end":{"line":40,"column":22}},"15":{"start":{"line":45,"column":2},"end":{"line":45,"column":22}},"16":{"start":{"line":3,"column":0},"end":{"line":3,"column":13}}},"fnMap":{"0":{"name":"(anonymous_8)","decl":{"start":{"line":10,"column":1},"end":{"line":10,"column":7}},"loc":{"start":{"line":10,"column":46},"end":{"line":15,"column":null}}},"1":{"name":"(anonymous_10)","decl":{"start":{"line":17,"column":1},"end":{"line":17,"column":7}},"loc":{"start":{"line":17,"column":19},"end":{"line":21,"column":null}}},"2":{"name":"(anonymous_12)","decl":{"start":{"line":23,"column":1},"end":{"line":23,"column":7}},"loc":{"start":{"line":23,"column":19},"end":{"line":28,"column":2}}},"3":{"name":"(anonymous_13)","decl":{"start":{"line":30,"column":1},"end":{"line":30,"column":21}},"loc":{"start":{"line":30,"column":42},"end":{"line":32,"column":2}}},"4":{"name":"(anonymous_14)","decl":{"start":{"line":34,"column":7},"end":{"line":34,"column":14}},"loc":{"start":{"line":34,"column":14},"end":{"line":42,"column":null}}},"5":{"name":"(anonymous_16)","decl":{"start":{"line":44,"column":1},"end":{"line":44,"column":11}},"loc":{"start":{"line":44,"column":11},"end":{"line":46,"column":2}}}},"branchMap":{"0":{"loc":{"start":{"line":11,"column":2},"end":{"line":14,"column":null}},"type":"if","locations":[{"start":{"line":11,"column":2},"end":{"line":14,"column":null}}]},"1":{"loc":{"start":{"line":18,"column":2},"end":{"line":20,"column":null}},"type":"if","locations":[{"start":{"line":18,"column":2},"end":{"line":20,"column":null}}]},"2":{"loc":{"start":{"line":19,"column":9},"end":{"line":19,"column":46}},"type":"cond-expr","locations":[{"start":{"line":19,"column":37},"end":{"line":19,"column":39}},{"start":{"line":19,"column":37},"end":{"line":19,"column":46}}]},"3":{"loc":{"start":{"line":19,"column":9},"end":{"line":19,"column":39}},"type":"binary-expr","locations":[{"start":{"line":19,"column":9},"end":{"line":19,"column":39}},{"start":{"line":19,"column":37},"end":{"line":19,"column":39}}]},"4":{"loc":{"start":{"line":24,"column":2},"end":{"line":26,"column":null}},"type":"if","locations":[{"start":{"line":24,"column":2},"end":{"line":26,"column":null}}]}},"s":{"0":1,"1":1,"2":1,"3":1,"4":1,"5":1,"6":1,"7":0,"8":1,"9":1,"10":1,"11":1,"12":1,"13":1,"14":0,"15":2,"16":1},"f":{"0":1,"1":1,"2":1,"3":1,"4":1,"5":2},"b":{"0":[1],"1":[1],"2":[0,1],"3":[1,1],"4":[0]}}
,"/Users/tommasopatriti/Desktop/piperchat/services/messagges/tests/api/message-api.ts": {"path":"/Users/tommasopatriti/Desktop/piperchat/services/messagges/tests/api/message-api.ts","statementMap":{"0":{"start":{"line":9,"column":10},"end":{"line":10,"column":240}},"1":{"start":{"line":6,"column":4},"end":{"line":6,"column":27}},"2":{"start":{"line":13,"column":4},"end":{"line":13,"column":74}},"3":{"start":{"line":17,"column":4},"end":{"line":17,"column":51}},"4":{"start":{"line":2,"column":0},"end":{"line":2,"column":13}}},"fnMap":{"0":{"name":"(anonymous_7)","decl":{"start":{"line":5,"column":2},"end":{"line":5,"column":14}},"loc":{"start":{"line":5,"column":58},"end":{"line":7,"column":3}}},"1":{"name":"(anonymous_8)","decl":{"start":{"line":12,"column":8},"end":{"line":12,"column":22}},"loc":{"start":{"line":12,"column":22},"end":{"line":14,"column":null}}},"2":{"name":"(anonymous_10)","decl":{"start":{"line":16,"column":8},"end":{"line":16,"column":21}},"loc":{"start":{"line":16,"column":32},"end":{"line":18,"column":null}}}},"branchMap":{},"s":{"0":1,"1":1,"2":1,"3":0,"4":1},"f":{"0":1,"1":1,"2":0},"b":{}}
}
