TN:
SF:src/server.ts
FN:12,(anonymous_8)
FN:20,(anonymous_9)
FN:26,(anonymous_10)
FN:30,(anonymous_11)
FN:30,(anonymous_12)
FN:31,(anonymous_14)
FN:32,(anonymous_15)
FN:39,(anonymous_16)
FNF:8
FNH:8
FNDA:1,(anonymous_8)
FNDA:1,(anonymous_9)
FNDA:1,(anonymous_10)
FNDA:1,(anonymous_11)
FNDA:1,(anonymous_12)
FNDA:1,(anonymous_14)
FNDA:1,(anonymous_15)
FNDA:1,(anonymous_16)
DA:1,1
DA:2,1
DA:3,1
DA:4,1
DA:5,1
DA:7,1
DA:13,1
DA:14,1
DA:15,1
DA:16,1
DA:17,1
DA:21,1
DA:22,1
DA:23,1
DA:27,1
DA:31,1
DA:32,1
DA:33,1
DA:34,1
DA:40,1
LF:20
LH:20
BRDA:30,0,0,1
BRF:1
BRH:1
end_of_record
TN:
SF:src/controllers/message-controller.ts
FN:13,(anonymous_7)
FN:24,(anonymous_8)
FN:37,(anonymous_10)
FN:42,(anonymous_12)
FN:48,(anonymous_14)
FNF:5
FNH:2
FNDA:1,(anonymous_7)
FNDA:0,(anonymous_8)
FNDA:0,(anonymous_10)
FNDA:0,(anonymous_12)
FNDA:1,(anonymous_14)
DA:3,1
DA:4,1
DA:5,1
DA:6,1
DA:13,1
DA:15,1
DA:16,1
DA:18,1
DA:21,1
DA:25,0
DA:26,0
DA:27,0
DA:29,0
DA:38,0
DA:39,0
DA:43,0
DA:44,0
DA:45,0
DA:49,1
LF:19
LH:10
BRDA:26,0,0,0
BRDA:26,0,1,0
BRF:2
BRH:0
end_of_record
TN:
SF:src/events/events.ts
FN:19,(anonymous_7)
FN:25,(anonymous_9)
FN:34,(anonymous_11)
FN:35,(anonymous_13)
FN:35,(anonymous_14)
FN:47,(anonymous_15)
FN:59,(anonymous_17)
FN:59,(anonymous_18)
FNF:8
FNH:4
FNDA:1,(anonymous_7)
FNDA:1,(anonymous_9)
FNDA:1,(anonymous_11)
FNDA:0,(anonymous_13)
FNDA:0,(anonymous_14)
FNDA:1,(anonymous_15)
FNDA:0,(anonymous_17)
FNDA:0,(anonymous_18)
DA:1,1
DA:2,1
DA:3,1
DA:4,1
DA:12,1
DA:14,1
DA:15,1
DA:17,1
DA:20,1
DA:21,1
DA:22,1
DA:26,1
DA:29,1
DA:35,1
DA:36,0
DA:38,0
DA:39,0
DA:42,0
DA:51,1
DA:52,1
DA:55,1
DA:56,0
DA:58,1
DA:59,1
DA:60,0
DA:61,0
DA:64,0
DA:65,0
DA:66,0
LF:29
LH:19
BRDA:29,0,0,0
BRDA:29,0,1,1
BRDA:29,1,0,1
BRDA:29,1,1,1
BRDA:36,2,0,0
BRDA:36,2,1,0
BRDA:52,3,0,0
BRDA:52,3,1,1
BRDA:52,4,0,1
BRDA:52,4,1,1
BRDA:55,5,0,0
BRDA:58,6,0,0
BRDA:58,6,1,1
BRDA:58,7,0,1
BRDA:58,7,1,1
BRDA:59,8,0,0
BRDA:59,8,1,1
BRDA:59,9,0,1
BRDA:59,9,1,1
BRDA:60,10,0,0
BRF:20
BRH:12
end_of_record
TN:
SF:src/events/repositories/basic-events-repository.ts
FN:6,(anonymous_0)
FNF:1
FNH:0
FNDA:0,(anonymous_0)
DA:1,1
DA:3,1
DA:7,0
DA:8,0
DA:10,0
LF:5
LH:2
BRDA:7,0,0,0
BRF:1
BRH:0
end_of_record
TN:
SF:src/events/repositories/message-events-repository.ts
FN:9,(anonymous_7)
FNF:1
FNH:0
FNDA:0,(anonymous_7)
DA:2,1
DA:8,1
DA:10,0
DA:11,0
LF:4
LH:2
BRDA:11,0,0,0
BRDA:11,0,1,0
BRDA:11,1,0,0
BRDA:11,1,1,0
BRF:4
BRH:0
end_of_record
TN:
SF:src/models/chat-model.ts
FN:38,(anonymous_7)
FN:59,(anonymous_9)
FN:80,(anonymous_11)
FNF:3
FNH:0
FNDA:0,(anonymous_7)
FNDA:0,(anonymous_9)
FNDA:0,(anonymous_11)
DA:1,1
DA:3,1
DA:11,1
DA:19,1
DA:28,1
DA:38,1
DA:39,0
DA:40,0
DA:41,0
DA:42,0
DA:43,0
DA:47,0
DA:48,0
DA:51,0
DA:53,0
DA:55,0
DA:59,1
DA:60,0
DA:61,0
DA:62,0
DA:63,0
DA:64,0
DA:68,0
DA:69,0
DA:72,0
DA:74,0
DA:76,0
DA:80,1
DA:81,0
DA:82,0
DA:83,0
DA:84,0
DA:85,0
DA:88,0
DA:89,0
DA:92,0
DA:94,0
DA:96,0
DA:99,1
DA:100,1
DA:101,1
DA:102,1
DA:104,1
LF:43
LH:13
BRDA:42,0,0,0
BRDA:63,1,0,0
BRDA:84,2,0,0
BRF:3
BRH:0
end_of_record
TN:
SF:src/repositories/conversation-repository.ts
FN:8,(anonymous_7)
FN:14,(anonymous_9)
FN:20,(anonymous_11)
FN:27,(anonymous_13)
FN:31,(anonymous_15)
FN:36,(anonymous_17)
FNF:6
FNH:0
FNDA:0,(anonymous_7)
FNDA:0,(anonymous_9)
FNDA:0,(anonymous_11)
FNDA:0,(anonymous_13)
FNDA:0,(anonymous_15)
FNDA:0,(anonymous_17)
DA:1,1
DA:7,1
DA:9,0
DA:15,0
DA:21,0
DA:24,0
DA:28,0
DA:32,0
DA:33,0
DA:37,0
DA:38,0
DA:39,0
DA:41,0
DA:42,0
LF:14
LH:2
BRDA:38,0,0,0
BRF:1
BRH:0
end_of_record
TN:
SF:src/repositories/message-repository.ts
FN:7,(anonymous_7)
FN:15,(anonymous_9)
FN:19,(anonymous_11)
FNF:3
FNH:1
FNDA:0,(anonymous_7)
FNDA:0,(anonymous_9)
FNDA:1,(anonymous_11)
DA:1,1
DA:6,1
DA:8,0
DA:12,0
DA:16,0
DA:20,1
DA:21,1
LF:7
LH:4
BRF:0
BRH:0
end_of_record
TN:
SF:src/repositories/server-repository.ts
FN:4,(anonymous_7)
FN:9,(anonymous_9)
FN:15,(anonymous_11)
FN:20,(anonymous_13)
FN:25,(anonymous_15)
FN:42,(anonymous_17)
FN:46,(anonymous_19)
FN:50,(anonymous_21)
FN:55,(anonymous_23)
FN:64,(anonymous_25)
FN:69,(anonymous_27)
FN:73,(anonymous_28)
FN:82,(anonymous_30)
FNF:13
FNH:0
FNDA:0,(anonymous_7)
FNDA:0,(anonymous_9)
FNDA:0,(anonymous_11)
FNDA:0,(anonymous_13)
FNDA:0,(anonymous_15)
FNDA:0,(anonymous_17)
FNDA:0,(anonymous_19)
FNDA:0,(anonymous_21)
FNDA:0,(anonymous_23)
FNDA:0,(anonymous_25)
FNDA:0,(anonymous_27)
FNDA:0,(anonymous_28)
FNDA:0,(anonymous_30)
DA:1,1
DA:3,1
DA:5,0
DA:6,0
DA:11,0
DA:12,0
DA:16,0
DA:17,0
DA:21,0
DA:22,0
DA:32,0
DA:39,0
DA:43,0
DA:47,0
DA:51,0
DA:52,0
DA:56,0
DA:57,0
DA:58,0
DA:60,0
DA:61,0
DA:65,0
DA:66,0
DA:67,0
DA:69,0
DA:70,0
DA:74,0
DA:75,0
DA:76,0
DA:78,0
DA:79,0
DA:83,0
DA:84,0
DA:85,0
DA:87,0
DA:88,0
LF:36
LH:2
BRDA:57,0,0,0
BRDA:66,1,0,0
BRDA:75,2,0,0
BRDA:84,3,0,0
BRF:4
BRH:0
end_of_record
TN:
SF:src/routes/message-router.ts
FNF:0
FNH:0
DA:1,1
DA:2,1
DA:3,1
DA:5,1
DA:7,1
DA:12,1
DA:16,1
LF:7
LH:7
BRF:0
BRH:0
end_of_record
TN:
SF:src/routes/router.ts
FNF:0
FNH:0
DA:1,1
DA:2,1
DA:4,1
DA:7,1
DA:9,1
LF:5
LH:5
BRF:0
BRH:0
end_of_record
TN:
SF:src/utils/jwt.ts
FN:18,(anonymous_1)
FN:45,(anonymous_2)
FNF:2
FNH:1
FNDA:1,(anonymous_1)
FNDA:0,(anonymous_2)
DA:2,1
DA:18,1
DA:19,1
DA:20,1
DA:21,1
DA:22,0
DA:26,1
DA:27,1
DA:31,1
DA:32,1
DA:37,1
DA:39,0
DA:45,1
DA:46,0
DA:47,0
DA:48,0
DA:49,0
DA:53,0
DA:54,0
DA:55,0
DA:59,0
DA:60,0
DA:65,0
LF:23
LH:11
BRDA:21,0,0,0
BRDA:29,1,0,1
BRDA:29,1,1,1
BRDA:48,2,0,0
BRDA:54,3,0,0
BRDA:54,3,1,0
BRF:6
BRH:2
end_of_record
TN:
SF:src/utils/mongoose.ts
FN:3,(anonymous_8)
FN:12,(anonymous_10)
FNF:2
FNH:2
FNDA:1,(anonymous_8)
FNDA:1,(anonymous_10)
DA:1,1
DA:2,1
DA:4,1
DA:5,1
DA:6,1
DA:8,0
DA:13,1
LF:7
LH:6
BRF:0
BRH:0
end_of_record
TN:
SF:src/utils/rabbit-mq.ts
FN:10,(anonymous_8)
FN:17,(anonymous_10)
FN:23,(anonymous_12)
FN:30,(anonymous_13)
FN:34,(anonymous_14)
FN:44,(anonymous_16)
FNF:6
FNH:6
FNDA:1,(anonymous_8)
FNDA:1,(anonymous_10)
FNDA:1,(anonymous_12)
FNDA:1,(anonymous_13)
FNDA:1,(anonymous_14)
FNDA:2,(anonymous_16)
DA:1,1
DA:3,1
DA:11,1
DA:12,1
DA:13,1
DA:18,1
DA:19,1
DA:24,1
DA:25,0
DA:27,1
DA:31,1
DA:35,1
DA:36,1
DA:37,1
DA:38,1
DA:40,0
DA:45,2
LF:17
LH:15
BRDA:11,0,0,1
BRDA:18,1,0,1
BRDA:19,2,0,0
BRDA:19,2,1,1
BRDA:19,3,0,1
BRDA:19,3,1,1
BRDA:24,4,0,0
BRF:7
BRH:5
end_of_record
TN:
SF:tests/api/message-api.ts
FN:5,(anonymous_7)
FN:12,(anonymous_8)
FN:16,(anonymous_10)
FNF:3
FNH:2
FNDA:1,(anonymous_7)
FNDA:1,(anonymous_8)
FNDA:0,(anonymous_10)
DA:2,1
DA:6,1
DA:9,1
DA:13,1
DA:17,0
LF:5
LH:4
BRF:0
BRH:0
end_of_record
