{"/Users/tommasopatriti/Desktop/piperchat/services/users/src/server.ts": {"path":"/Users/tommasopatriti/Desktop/piperchat/services/users/src/server.ts","statementMap":{"0":{"start":{"line":1,"column":0},"end":{"line":1,"column":24}},"1":{"start":{"line":2,"column":0},"end":{"line":2,"column":30}},"2":{"start":{"line":3,"column":0},"end":{"line":3,"column":48}},"3":{"start":{"line":4,"column":0},"end":{"line":4,"column":41}},"4":{"start":{"line":12,"column":2},"end":{"line":12,"column":19}},"5":{"start":{"line":13,"column":2},"end":{"line":13,"column":23}},"6":{"start":{"line":14,"column":2},"end":{"line":14,"column":44}},"7":{"start":{"line":15,"column":2},"end":{"line":15,"column":25}},"8":{"start":{"line":16,"column":2},"end":{"line":16,"column":21}},"9":{"start":{"line":20,"column":2},"end":{"line":20,"column":31}},"10":{"start":{"line":21,"column":2},"end":{"line":21,"column":55}},"11":{"start":{"line":22,"column":2},"end":{"line":22,"column":31}},"12":{"start":{"line":26,"column":2},"end":{"line":26,"column":35}},"13":{"start":{"line":30,"column":2},"end":{"line":35,"column":5}},"14":{"start":{"line":31,"column":3},"end":{"line":34,"column":6}},"15":{"start":{"line":32,"column":4},"end":{"line":32,"column":16}},"16":{"start":{"line":33,"column":4},"end":{"line":33,"column":14}},"17":{"start":{"line":39,"column":2},"end":{"line":39,"column":22}},"18":{"start":{"line":6,"column":0},"end":{"line":6,"column":13}}},"fnMap":{"0":{"name":"(anonymous_8)","decl":{"start":{"line":11,"column":1},"end":{"line":11,"column":13}},"loc":{"start":{"line":11,"column":25},"end":{"line":17,"column":2}}},"1":{"name":"(anonymous_9)","decl":{"start":{"line":19,"column":9},"end":{"line":19,"column":24}},"loc":{"start":{"line":19,"column":24},"end":{"line":23,"column":2}}},"2":{"name":"(anonymous_10)","decl":{"start":{"line":25,"column":9},"end":{"line":25,"column":20}},"loc":{"start":{"line":25,"column":20},"end":{"line":27,"column":2}}},"3":{"name":"(anonymous_11)","decl":{"start":{"line":29,"column":7},"end":{"line":29,"column":12}},"loc":{"start":{"line":29,"column":45},"end":{"line":36,"column":null}}},"4":{"name":"(anonymous_12)","decl":{"start":{"line":29,"column":37},"end":{"line":29,"column":40}},"loc":{"start":{"line":29,"column":42},"end":{"line":29,"column":45}}},"5":{"name":"(anonymous_14)","decl":{"start":{"line":30,"column":27},"end":{"line":30,"column":28}},"loc":{"start":{"line":30,"column":47},"end":{"line":35,"column":3}}},"6":{"name":"(anonymous_15)","decl":{"start":{"line":31,"column":33},"end":{"line":31,"column":36}},"loc":{"start":{"line":31,"column":38},"end":{"line":34,"column":4}}},"7":{"name":"(anonymous_16)","decl":{"start":{"line":38,"column":1},"end":{"line":38,"column":5}},"loc":{"start":{"line":38,"column":5},"end":{"line":40,"column":2}}}},"branchMap":{"0":{"loc":{"start":{"line":29,"column":13},"end":{"line":29,"column":45}},"type":"default-arg","locations":[{"start":{"line":29,"column":37},"end":{"line":29,"column":45}}]}},"s":{"0":1,"1":1,"2":1,"3":1,"4":1,"5":1,"6":1,"7":1,"8":1,"9":1,"10":1,"11":1,"12":1,"13":1,"14":1,"15":1,"16":1,"17":1,"18":1},"f":{"0":1,"1":1,"2":1,"3":1,"4":1,"5":1,"6":1,"7":1},"b":{"0":[1]}}
,"/Users/tommasopatriti/Desktop/piperchat/services/users/src/controllers/auth/auth-controller-impl.ts": {"path":"/Users/tommasopatriti/Desktop/piperchat/services/users/src/controllers/auth/auth-controller-impl.ts","statementMap":{"0":{"start":{"line":4,"column":0},"end":{"line":4,"column":82}},"1":{"start":{"line":5,"column":0},"end":{"line":5,"column":77}},"2":{"start":{"line":6,"column":0},"end":{"line":6,"column":28}},"3":{"start":{"line":7,"column":0},"end":{"line":7,"column":null}},"4":{"start":{"line":12,"column":0},"end":{"line":12,"column":102}},"5":{"start":{"line":15,"column":9},"end":{"line":15,"column":67}},"6":{"start":{"line":16,"column":9},"end":{"line":17,"column":33}},"7":{"start":{"line":26,"column":25},"end":{"line":26,"column":76}},"8":{"start":{"line":27,"column":15},"end":{"line":31,"column":5}},"9":{"start":{"line":30,"column":4},"end":{"line":30,"column":59}},"10":{"start":{"line":32,"column":2},"end":{"line":32,"column":59}},"11":{"start":{"line":33,"column":2},"end":{"line":33,"column":14}},"12":{"start":{"line":37,"column":15},"end":{"line":41,"column":5}},"13":{"start":{"line":40,"column":4},"end":{"line":40,"column":67}},"14":{"start":{"line":43,"column":26},"end":{"line":43,"column":71}},"15":{"start":{"line":44,"column":2},"end":{"line":46,"column":null}},"16":{"start":{"line":45,"column":3},"end":{"line":45,"column":66}},"17":{"start":{"line":48,"column":22},"end":{"line":48,"column":47}},"18":{"start":{"line":49,"column":23},"end":{"line":49,"column":49}},"19":{"start":{"line":51,"column":2},"end":{"line":51,"column":63}},"20":{"start":{"line":52,"column":2},"end":{"line":52,"column":21}},"21":{"start":{"line":56,"column":15},"end":{"line":60,"column":5}},"22":{"start":{"line":59,"column":4},"end":{"line":59,"column":54}},"23":{"start":{"line":62,"column":2},"end":{"line":64,"column":null}},"24":{"start":{"line":63,"column":3},"end":{"line":63,"column":63}},"25":{"start":{"line":66,"column":2},"end":{"line":68,"column":5}},"26":{"start":{"line":67,"column":3},"end":{"line":67,"column":60}},"27":{"start":{"line":70,"column":2},"end":{"line":70,"column":35}},"28":{"start":{"line":74,"column":2},"end":{"line":76,"column":5}},"29":{"start":{"line":75,"column":3},"end":{"line":75,"column":53}},"30":{"start":{"line":14,"column":0},"end":{"line":14,"column":13}}},"fnMap":{"0":{"name":"(anonymous_8)","decl":{"start":{"line":14,"column":0},"end":{"line":14,"column":13}},"loc":{"start":{"line":14,"column":0},"end":{"line":78,"column":1}}},"1":{"name":"(anonymous_9)","decl":{"start":{"line":19,"column":7},"end":{"line":19,"column":15}},"loc":{"start":{"line":24,"column":22},"end":{"line":34,"column":null}}},"2":{"name":"(anonymous_11)","decl":{"start":{"line":29,"column":10},"end":{"line":29,"column":13}},"loc":{"start":{"line":29,"column":15},"end":{"line":31,"column":4}}},"3":{"name":"(anonymous_12)","decl":{"start":{"line":36,"column":7},"end":{"line":36,"column":12}},"loc":{"start":{"line":36,"column":47},"end":{"line":53,"column":null}}},"4":{"name":"(anonymous_14)","decl":{"start":{"line":39,"column":10},"end":{"line":39,"column":13}},"loc":{"start":{"line":39,"column":15},"end":{"line":41,"column":4}}},"5":{"name":"(anonymous_15)","decl":{"start":{"line":55,"column":7},"end":{"line":55,"column":19}},"loc":{"start":{"line":55,"column":36},"end":{"line":71,"column":null}}},"6":{"name":"(anonymous_17)","decl":{"start":{"line":58,"column":10},"end":{"line":58,"column":13}},"loc":{"start":{"line":58,"column":15},"end":{"line":60,"column":4}}},"7":{"name":"(anonymous_18)","decl":{"start":{"line":66,"column":46},"end":{"line":66,"column":49}},"loc":{"start":{"line":66,"column":51},"end":{"line":68,"column":3}}},"8":{"name":"(anonymous_19)","decl":{"start":{"line":73,"column":7},"end":{"line":73,"column":13}},"loc":{"start":{"line":73,"column":30},"end":{"line":77,"column":null}}},"9":{"name":"(anonymous_21)","decl":{"start":{"line":74,"column":51},"end":{"line":74,"column":54}},"loc":{"start":{"line":74,"column":56},"end":{"line":76,"column":3}}}},"branchMap":{"0":{"loc":{"start":{"line":44,"column":2},"end":{"line":46,"column":null}},"type":"if","locations":[{"start":{"line":44,"column":2},"end":{"line":46,"column":null}}]},"1":{"loc":{"start":{"line":62,"column":2},"end":{"line":64,"column":null}},"type":"if","locations":[{"start":{"line":62,"column":2},"end":{"line":64,"column":null}}]}},"s":{"0":1,"1":1,"2":1,"3":1,"4":1,"5":1,"6":1,"7":1,"8":1,"9":1,"10":0,"11":0,"12":1,"13":0,"14":1,"15":1,"16":0,"17":1,"18":1,"19":1,"20":1,"21":0,"22":0,"23":0,"24":0,"25":0,"26":0,"27":0,"28":0,"29":0,"30":1},"f":{"0":1,"1":1,"2":1,"3":1,"4":0,"5":0,"6":0,"7":0,"8":0,"9":0},"b":{"0":[0],"1":[0]}}
,"/Users/tommasopatriti/Desktop/piperchat/services/users/src/controllers/auth/auth-controller.ts": {"path":"/Users/tommasopatriti/Desktop/piperchat/services/users/src/controllers/auth/auth-controller.ts","statementMap":{"0":{"start":{"line":49,"column":8},"end":{"line":49,"column":51}},"1":{"start":{"line":50,"column":8},"end":{"line":50,"column":46}},"2":{"start":{"line":51,"column":8},"end":{"line":51,"column":56}},"3":{"start":{"line":52,"column":8},"end":{"line":52,"column":53}},"4":{"start":{"line":53,"column":8},"end":{"line":53,"column":59}},"5":{"start":{"line":48,"column":13},"end":{"line":48,"column":37}}},"fnMap":{},"branchMap":{},"s":{"0":1,"1":1,"2":1,"3":1,"4":1,"5":1},"f":{},"b":{}}
,"/Users/tommasopatriti/Desktop/piperchat/services/users/src/controllers/friends/friends-controller-impl.ts": {"path":"/Users/tommasopatriti/Desktop/piperchat/services/users/src/controllers/friends/friends-controller-impl.ts","statementMap":{"0":{"start":{"line":4,"column":0},"end":{"line":4,"column":82}},"1":{"start":{"line":11,"column":9},"end":{"line":11,"column":49}},"2":{"start":{"line":14,"column":15},"end":{"line":14,"column":68}},"3":{"start":{"line":15,"column":2},"end":{"line":15,"column":30}},"4":{"start":{"line":18,"column":15},"end":{"line":18,"column":68}},"5":{"start":{"line":19,"column":2},"end":{"line":19,"column":22}},"6":{"start":{"line":22,"column":2},"end":{"line":22,"column":72}},"7":{"start":{"line":25,"column":2},"end":{"line":25,"column":74}},"8":{"start":{"line":28,"column":2},"end":{"line":28,"column":72}},"9":{"start":{"line":9,"column":0},"end":{"line":9,"column":13}}},"fnMap":{"0":{"name":"(anonymous_7)","decl":{"start":{"line":9,"column":0},"end":{"line":9,"column":13}},"loc":{"start":{"line":9,"column":0},"end":{"line":30,"column":1}}},"1":{"name":"(anonymous_8)","decl":{"start":{"line":13,"column":7},"end":{"line":13,"column":25}},"loc":{"start":{"line":13,"column":42},"end":{"line":16,"column":null}}},"2":{"name":"(anonymous_10)","decl":{"start":{"line":17,"column":7},"end":{"line":17,"column":17}},"loc":{"start":{"line":17,"column":34},"end":{"line":20,"column":null}}},"3":{"name":"(anonymous_12)","decl":{"start":{"line":21,"column":7},"end":{"line":21,"column":24}},"loc":{"start":{"line":21,"column":65},"end":{"line":23,"column":null}}},"4":{"name":"(anonymous_14)","decl":{"start":{"line":24,"column":7},"end":{"line":24,"column":26}},"loc":{"start":{"line":24,"column":67},"end":{"line":26,"column":null}}},"5":{"name":"(anonymous_16)","decl":{"start":{"line":27,"column":7},"end":{"line":27,"column":24}},"loc":{"start":{"line":27,"column":65},"end":{"line":29,"column":null}}}},"branchMap":{},"s":{"0":1,"1":1,"2":0,"3":0,"4":0,"5":0,"6":0,"7":0,"8":0,"9":1},"f":{"0":1,"1":0,"2":0,"3":0,"4":0,"5":0},"b":{}}
,"/Users/tommasopatriti/Desktop/piperchat/services/users/src/controllers/user/user-controller-impl.ts": {"path":"/Users/tommasopatriti/Desktop/piperchat/services/users/src/controllers/user/user-controller-impl.ts","statementMap":{"0":{"start":{"line":5,"column":2},"end":{"line":5,"column":45}},"1":{"start":{"line":8,"column":2},"end":{"line":8,"column":45}},"2":{"start":{"line":11,"column":2},"end":{"line":11,"column":45}},"3":{"start":{"line":14,"column":2},"end":{"line":14,"column":45}},"4":{"start":{"line":17,"column":2},"end":{"line":17,"column":45}},"5":{"start":{"line":3,"column":0},"end":{"line":3,"column":13}}},"fnMap":{"0":{"name":"(anonymous_0)","decl":{"start":{"line":4,"column":1},"end":{"line":4,"column":14}},"loc":{"start":{"line":4,"column":31},"end":{"line":6,"column":2}}},"1":{"name":"(anonymous_1)","decl":{"start":{"line":7,"column":1},"end":{"line":7,"column":13}},"loc":{"start":{"line":7,"column":45},"end":{"line":9,"column":2}}},"2":{"name":"(anonymous_2)","decl":{"start":{"line":10,"column":1},"end":{"line":10,"column":13}},"loc":{"start":{"line":10,"column":30},"end":{"line":12,"column":2}}},"3":{"name":"(anonymous_3)","decl":{"start":{"line":13,"column":1},"end":{"line":13,"column":19}},"loc":{"start":{"line":13,"column":57},"end":{"line":15,"column":2}}},"4":{"name":"(anonymous_4)","decl":{"start":{"line":16,"column":1},"end":{"line":16,"column":19}},"loc":{"start":{"line":16,"column":36},"end":{"line":18,"column":2}}}},"branchMap":{},"s":{"0":0,"1":0,"2":0,"3":0,"4":0,"5":1},"f":{"0":0,"1":0,"2":0,"3":0,"4":0},"b":{}}
,"/Users/tommasopatriti/Desktop/piperchat/services/users/src/events/events.ts": {"path":"/Users/tommasopatriti/Desktop/piperchat/services/users/src/events/events.ts","statementMap":{"0":{"start":{"line":2,"column":0},"end":{"line":2,"column":79}},"1":{"start":{"line":3,"column":0},"end":{"line":3,"column":46}},"2":{"start":{"line":16,"column":2},"end":{"line":16,"column":39}},"3":{"start":{"line":17,"column":2},"end":{"line":17,"column":28}},"4":{"start":{"line":18,"column":2},"end":{"line":18,"column":30}},"5":{"start":{"line":22,"column":18},"end":{"line":22,"column":42}},"6":{"start":{"line":25,"column":2},"end":{"line":27,"column":5}},"7":{"start":{"line":31,"column":2},"end":{"line":43,"column":5}},"8":{"start":{"line":31,"column":57},"end":{"line":43,"column":4}},"9":{"start":{"line":32,"column":3},"end":{"line":42,"column":null}},"10":{"start":{"line":34,"column":5},"end":{"line":34,"column":39}},"11":{"start":{"line":35,"column":5},"end":{"line":35,"column":11}},"12":{"start":{"line":37,"column":5},"end":{"line":37,"column":39}},"13":{"start":{"line":38,"column":5},"end":{"line":38,"column":11}},"14":{"start":{"line":40,"column":5},"end":{"line":40,"column":39}},"15":{"start":{"line":41,"column":5},"end":{"line":41,"column":11}},"16":{"start":{"line":50,"column":18},"end":{"line":50,"column":42}},"17":{"start":{"line":51,"column":16},"end":{"line":53,"column":5}},"18":{"start":{"line":54,"column":2},"end":{"line":56,"column":null}},"19":{"start":{"line":55,"column":3},"end":{"line":55,"column":10}},"20":{"start":{"line":57,"column":2},"end":{"line":57,"column":54}},"21":{"start":{"line":58,"column":2},"end":{"line":66,"column":5}},"22":{"start":{"line":58,"column":50},"end":{"line":66,"column":4}},"23":{"start":{"line":59,"column":3},"end":{"line":61,"column":null}},"24":{"start":{"line":60,"column":4},"end":{"line":60,"column":11}},"25":{"start":{"line":63,"column":19},"end":{"line":63,"column":45}},"26":{"start":{"line":64,"column":16},"end":{"line":64,"column":35}},"27":{"start":{"line":65,"column":3},"end":{"line":65,"column":45}},"28":{"start":{"line":13,"column":16},"end":{"line":13,"column":74}},"29":{"start":{"line":11,"column":13},"end":{"line":11,"column":26}}},"fnMap":{"0":{"name":"(anonymous_7)","decl":{"start":{"line":15,"column":1},"end":{"line":15,"column":7}},"loc":{"start":{"line":15,"column":24},"end":{"line":19,"column":null}}},"1":{"name":"(anonymous_9)","decl":{"start":{"line":21,"column":1},"end":{"line":21,"column":7}},"loc":{"start":{"line":21,"column":26},"end":{"line":28,"column":null}}},"2":{"name":"(anonymous_11)","decl":{"start":{"line":30,"column":1},"end":{"line":30,"column":7}},"loc":{"start":{"line":30,"column":28},"end":{"line":44,"column":null}}},"3":{"name":"(anonymous_13)","decl":{"start":{"line":31,"column":35},"end":{"line":31,"column":42}},"loc":{"start":{"line":31,"column":57},"end":{"line":43,"column":4}}},"4":{"name":"(anonymous_14)","decl":{"start":{"line":31,"column":57},"end":{"line":31,"column":null}},"loc":{"start":{"line":31,"column":57},"end":{"line":43,"column":3}}},"5":{"name":"(anonymous_15)","decl":{"start":{"line":46,"column":9},"end":{"line":46,"column":15}},"loc":{"start":{"line":48,"column":46},"end":{"line":67,"column":null}}},"6":{"name":"(anonymous_17)","decl":{"start":{"line":58,"column":32},"end":{"line":58,"column":39}},"loc":{"start":{"line":58,"column":50},"end":{"line":66,"column":4}}},"7":{"name":"(anonymous_18)","decl":{"start":{"line":58,"column":50},"end":{"line":58,"column":null}},"loc":{"start":{"line":58,"column":50},"end":{"line":66,"column":3}}}},"branchMap":{"0":{"loc":{"start":{"line":25,"column":8},"end":{"line":27,"column":4}},"type":"cond-expr","locations":[{"start":{"line":25,"column":15},"end":{"line":25,"column":17}},{"start":{"line":25,"column":8},"end":{"line":27,"column":4}}]},"1":{"loc":{"start":{"line":25,"column":8},"end":{"line":25,"column":17}},"type":"binary-expr","locations":[{"start":{"line":25,"column":8},"end":{"line":25,"column":17}},{"start":{"line":25,"column":8},"end":{"line":25,"column":17}}]},"2":{"loc":{"start":{"line":32,"column":3},"end":{"line":42,"column":null}},"type":"switch","locations":[{"start":{"line":33,"column":4},"end":{"line":35,"column":11}},{"start":{"line":36,"column":4},"end":{"line":38,"column":11}},{"start":{"line":39,"column":4},"end":{"line":41,"column":11}}]},"3":{"loc":{"start":{"line":51,"column":22},"end":{"line":53,"column":4}},"type":"cond-expr","locations":[{"start":{"line":51,"column":29},"end":{"line":51,"column":31}},{"start":{"line":51,"column":22},"end":{"line":53,"column":4}}]},"4":{"loc":{"start":{"line":51,"column":22},"end":{"line":51,"column":31}},"type":"binary-expr","locations":[{"start":{"line":51,"column":22},"end":{"line":51,"column":31}},{"start":{"line":51,"column":22},"end":{"line":51,"column":31}}]},"5":{"loc":{"start":{"line":54,"column":2},"end":{"line":56,"column":null}},"type":"if","locations":[{"start":{"line":54,"column":2},"end":{"line":56,"column":null}}]},"6":{"loc":{"start":{"line":57,"column":8},"end":{"line":57,"column":53}},"type":"cond-expr","locations":[{"start":{"line":57,"column":15},"end":{"line":57,"column":17}},{"start":{"line":57,"column":8},"end":{"line":57,"column":53}}]},"7":{"loc":{"start":{"line":57,"column":8},"end":{"line":57,"column":17}},"type":"binary-expr","locations":[{"start":{"line":57,"column":8},"end":{"line":57,"column":17}},{"start":{"line":57,"column":8},"end":{"line":57,"column":17}}]},"8":{"loc":{"start":{"line":58,"column":2},"end":{"line":66,"column":4}},"type":"cond-expr","locations":[{"start":{"line":58,"column":9},"end":{"line":58,"column":11}},{"start":{"line":58,"column":2},"end":{"line":66,"column":4}}]},"9":{"loc":{"start":{"line":58,"column":2},"end":{"line":58,"column":11}},"type":"binary-expr","locations":[{"start":{"line":58,"column":2},"end":{"line":58,"column":11}},{"start":{"line":58,"column":2},"end":{"line":58,"column":11}}]},"10":{"loc":{"start":{"line":59,"column":3},"end":{"line":61,"column":null}},"type":"if","locations":[{"start":{"line":59,"column":3},"end":{"line":61,"column":null}}]}},"s":{"0":1,"1":1,"2":1,"3":1,"4":1,"5":1,"6":1,"7":1,"8":0,"9":0,"10":0,"11":0,"12":0,"13":0,"14":0,"15":0,"16":1,"17":1,"18":1,"19":0,"20":1,"21":1,"22":0,"23":0,"24":0,"25":0,"26":0,"27":0,"28":1,"29":1},"f":{"0":1,"1":1,"2":1,"3":0,"4":0,"5":1,"6":0,"7":0},"b":{"0":[0,1],"1":[1,1],"2":[0,0,0],"3":[0,1],"4":[1,1],"5":[0],"6":[0,1],"7":[1,1],"8":[0,1],"9":[1,1],"10":[0]}}
,"/Users/tommasopatriti/Desktop/piperchat/services/users/src/events/repositories/user/user-events-repository-impl.ts": {"path":"/Users/tommasopatriti/Desktop/piperchat/services/users/src/events/repositories/user/user-events-repository-impl.ts","statementMap":{"0":{"start":{"line":1,"column":0},"end":{"line":1,"column":79}},"1":{"start":{"line":9,"column":18},"end":{"line":9,"column":35}},"2":{"start":{"line":10,"column":2},"end":{"line":10,"column":78}},"3":{"start":{"line":14,"column":18},"end":{"line":14,"column":35}},"4":{"start":{"line":15,"column":2},"end":{"line":15,"column":78}},"5":{"start":{"line":19,"column":18},"end":{"line":19,"column":35}},"6":{"start":{"line":20,"column":2},"end":{"line":20,"column":78}},"7":{"start":{"line":4,"column":0},"end":{"line":4,"column":13}}},"fnMap":{"0":{"name":"(anonymous_7)","decl":{"start":{"line":8,"column":7},"end":{"line":8,"column":25}},"loc":{"start":{"line":8,"column":35},"end":{"line":11,"column":null}}},"1":{"name":"(anonymous_9)","decl":{"start":{"line":13,"column":7},"end":{"line":13,"column":25}},"loc":{"start":{"line":13,"column":35},"end":{"line":16,"column":null}}},"2":{"name":"(anonymous_11)","decl":{"start":{"line":18,"column":7},"end":{"line":18,"column":25}},"loc":{"start":{"line":18,"column":35},"end":{"line":21,"column":null}}}},"branchMap":{"0":{"loc":{"start":{"line":10,"column":2},"end":{"line":10,"column":77}},"type":"cond-expr","locations":[{"start":{"line":10,"column":9},"end":{"line":10,"column":11}},{"start":{"line":10,"column":2},"end":{"line":10,"column":77}}]},"1":{"loc":{"start":{"line":10,"column":2},"end":{"line":10,"column":11}},"type":"binary-expr","locations":[{"start":{"line":10,"column":2},"end":{"line":10,"column":11}},{"start":{"line":10,"column":2},"end":{"line":10,"column":11}}]},"2":{"loc":{"start":{"line":15,"column":2},"end":{"line":15,"column":77}},"type":"cond-expr","locations":[{"start":{"line":15,"column":9},"end":{"line":15,"column":11}},{"start":{"line":15,"column":2},"end":{"line":15,"column":77}}]},"3":{"loc":{"start":{"line":15,"column":2},"end":{"line":15,"column":11}},"type":"binary-expr","locations":[{"start":{"line":15,"column":2},"end":{"line":15,"column":11}},{"start":{"line":15,"column":2},"end":{"line":15,"column":11}}]},"4":{"loc":{"start":{"line":20,"column":2},"end":{"line":20,"column":77}},"type":"cond-expr","locations":[{"start":{"line":20,"column":9},"end":{"line":20,"column":11}},{"start":{"line":20,"column":2},"end":{"line":20,"column":77}}]},"5":{"loc":{"start":{"line":20,"column":2},"end":{"line":20,"column":11}},"type":"binary-expr","locations":[{"start":{"line":20,"column":2},"end":{"line":20,"column":11}},{"start":{"line":20,"column":2},"end":{"line":20,"column":11}}]}},"s":{"0":1,"1":0,"2":0,"3":0,"4":0,"5":0,"6":0,"7":1},"f":{"0":0,"1":0,"2":0},"b":{"0":[0,0],"1":[0,0],"2":[0,0],"3":[0,0],"4":[0,0],"5":[0,0]}}
,"/Users/tommasopatriti/Desktop/piperchat/services/users/src/models/user-model.ts": {"path":"/Users/tommasopatriti/Desktop/piperchat/services/users/src/models/user-model.ts","statementMap":{"0":{"start":{"line":1,"column":0},"end":{"line":1,"column":41}},"1":{"start":{"line":18,"column":13},"end":{"line":74,"column":3}},"2":{"start":{"line":76,"column":13},"end":{"line":76,"column":53}}},"fnMap":{},"branchMap":{},"s":{"0":1,"1":1,"2":1},"f":{},"b":{}}
,"/Users/tommasopatriti/Desktop/piperchat/services/users/src/repositories/user/user-repository-impl.ts": {"path":"/Users/tommasopatriti/Desktop/piperchat/services/users/src/repositories/user/user-repository-impl.ts","statementMap":{"0":{"start":{"line":2,"column":0},"end":{"line":2,"column":54}},"1":{"start":{"line":7,"column":2},"end":{"line":7,"column":62}},"2":{"start":{"line":11,"column":2},"end":{"line":11,"column":56}},"3":{"start":{"line":15,"column":15},"end":{"line":15,"column":53}},"4":{"start":{"line":16,"column":2},"end":{"line":19,"column":4}},"5":{"start":{"line":23,"column":2},"end":{"line":23,"column":77}},"6":{"start":{"line":33,"column":15},"end":{"line":39,"column":4}},"7":{"start":{"line":40,"column":2},"end":{"line":40,"column":14}},"8":{"start":{"line":44,"column":15},"end":{"line":44,"column":53}},"9":{"start":{"line":45,"column":18},"end":{"line":45,"column":30}},"10":{"start":{"line":46,"column":2},"end":{"line":46,"column":17}},"11":{"start":{"line":51,"column":15},"end":{"line":51,"column":53}},"12":{"start":{"line":52,"column":2},"end":{"line":52,"column":30}},"13":{"start":{"line":56,"column":15},"end":{"line":56,"column":53}},"14":{"start":{"line":57,"column":2},"end":{"line":69,"column":null}},"15":{"start":{"line":58,"column":3},"end":{"line":58,"column":38}},"16":{"start":{"line":61,"column":7},"end":{"line":69,"column":null}},"17":{"start":{"line":62,"column":3},"end":{"line":62,"column":37}},"18":{"start":{"line":64,"column":7},"end":{"line":69,"column":null}},"19":{"start":{"line":65,"column":3},"end":{"line":65,"column":97}},"20":{"start":{"line":66,"column":3},"end":{"line":66,"column":104}},"21":{"start":{"line":68,"column":3},"end":{"line":68,"column":46}},"22":{"start":{"line":73,"column":15},"end":{"line":73,"column":53}},"23":{"start":{"line":74,"column":2},"end":{"line":80,"column":null}},"24":{"start":{"line":75,"column":3},"end":{"line":75,"column":89}},"25":{"start":{"line":76,"column":3},"end":{"line":76,"column":89}},"26":{"start":{"line":77,"column":3},"end":{"line":77,"column":97}},"27":{"start":{"line":79,"column":3},"end":{"line":79,"column":52}},"28":{"start":{"line":84,"column":15},"end":{"line":84,"column":53}},"29":{"start":{"line":85,"column":2},"end":{"line":90,"column":null}},"30":{"start":{"line":86,"column":3},"end":{"line":86,"column":102}},"31":{"start":{"line":87,"column":3},"end":{"line":87,"column":104}},"32":{"start":{"line":89,"column":3},"end":{"line":89,"column":52}},"33":{"start":{"line":5,"column":0},"end":{"line":5,"column":13}}},"fnMap":{"0":{"name":"(anonymous_7)","decl":{"start":{"line":6,"column":7},"end":{"line":6,"column":24}},"loc":{"start":{"line":6,"column":41},"end":{"line":8,"column":null}}},"1":{"name":"(anonymous_9)","decl":{"start":{"line":10,"column":7},"end":{"line":10,"column":21}},"loc":{"start":{"line":10,"column":35},"end":{"line":12,"column":null}}},"2":{"name":"(anonymous_11)","decl":{"start":{"line":14,"column":7},"end":{"line":14,"column":12}},"loc":{"start":{"line":14,"column":51},"end":{"line":20,"column":null}}},"3":{"name":"(anonymous_13)","decl":{"start":{"line":22,"column":7},"end":{"line":22,"column":13}},"loc":{"start":{"line":22,"column":30},"end":{"line":24,"column":null}}},"4":{"name":"(anonymous_15)","decl":{"start":{"line":26,"column":7},"end":{"line":26,"column":17}},"loc":{"start":{"line":31,"column":22},"end":{"line":41,"column":null}}},"5":{"name":"(anonymous_17)","decl":{"start":{"line":43,"column":7},"end":{"line":43,"column":17}},"loc":{"start":{"line":43,"column":34},"end":{"line":48,"column":null}}},"6":{"name":"(anonymous_19)","decl":{"start":{"line":50,"column":7},"end":{"line":50,"column":25}},"loc":{"start":{"line":50,"column":42},"end":{"line":53,"column":null}}},"7":{"name":"(anonymous_21)","decl":{"start":{"line":55,"column":7},"end":{"line":55,"column":24}},"loc":{"start":{"line":55,"column":65},"end":{"line":70,"column":null}}},"8":{"name":"(anonymous_23)","decl":{"start":{"line":72,"column":7},"end":{"line":72,"column":26}},"loc":{"start":{"line":72,"column":67},"end":{"line":81,"column":null}}},"9":{"name":"(anonymous_25)","decl":{"start":{"line":83,"column":7},"end":{"line":83,"column":24}},"loc":{"start":{"line":83,"column":65},"end":{"line":92,"column":null}}}},"branchMap":{"0":{"loc":{"start":{"line":57,"column":2},"end":{"line":69,"column":null}},"type":"if","locations":[{"start":{"line":57,"column":2},"end":{"line":69,"column":null}},{"start":{"line":61,"column":7},"end":{"line":69,"column":null}}]},"1":{"loc":{"start":{"line":61,"column":7},"end":{"line":69,"column":null}},"type":"if","locations":[{"start":{"line":61,"column":7},"end":{"line":69,"column":null}},{"start":{"line":64,"column":7},"end":{"line":69,"column":null}}]},"2":{"loc":{"start":{"line":64,"column":7},"end":{"line":69,"column":null}},"type":"if","locations":[{"start":{"line":64,"column":7},"end":{"line":69,"column":null}},{"start":{"line":67,"column":9},"end":{"line":69,"column":null}}]},"3":{"loc":{"start":{"line":64,"column":11},"end":{"line":64,"column":108}},"type":"binary-expr","locations":[{"start":{"line":64,"column":11},"end":{"line":64,"column":51}},{"start":{"line":64,"column":55},"end":{"line":64,"column":108}}]},"4":{"loc":{"start":{"line":74,"column":2},"end":{"line":80,"column":null}},"type":"if","locations":[{"start":{"line":74,"column":2},"end":{"line":80,"column":null}},{"start":{"line":78,"column":9},"end":{"line":80,"column":null}}]},"5":{"loc":{"start":{"line":85,"column":2},"end":{"line":90,"column":null}},"type":"if","locations":[{"start":{"line":85,"column":2},"end":{"line":90,"column":null}},{"start":{"line":88,"column":9},"end":{"line":90,"column":null}}]}},"s":{"0":1,"1":2,"2":0,"3":1,"4":1,"5":0,"6":1,"7":0,"8":0,"9":0,"10":0,"11":0,"12":0,"13":0,"14":0,"15":0,"16":0,"17":0,"18":0,"19":0,"20":0,"21":0,"22":0,"23":0,"24":0,"25":0,"26":0,"27":0,"28":0,"29":0,"30":0,"31":0,"32":0,"33":1},"f":{"0":2,"1":0,"2":1,"3":0,"4":1,"5":0,"6":0,"7":0,"8":0,"9":0},"b":{"0":[0,0],"1":[0,0],"2":[0,0],"3":[0,0],"4":[0,0],"5":[0,0]}}
,"/Users/tommasopatriti/Desktop/piperchat/services/users/src/routes/router.ts": {"path":"/Users/tommasopatriti/Desktop/piperchat/services/users/src/routes/router.ts","statementMap":{"0":{"start":{"line":1,"column":0},"end":{"line":1,"column":33}},"1":{"start":{"line":2,"column":0},"end":{"line":2,"column":51}},"2":{"start":{"line":3,"column":0},"end":{"line":3,"column":51}},"3":{"start":{"line":4,"column":0},"end":{"line":4,"column":57}},"4":{"start":{"line":6,"column":22},"end":{"line":6,"column":30}},"5":{"start":{"line":12,"column":9},"end":{"line":12,"column":22}},"6":{"start":{"line":8,"column":0},"end":{"line":8,"column":39}},"7":{"start":{"line":9,"column":0},"end":{"line":9,"column":39}},"8":{"start":{"line":10,"column":0},"end":{"line":10,"column":45}}},"fnMap":{},"branchMap":{},"s":{"0":1,"1":1,"2":1,"3":1,"4":1,"5":1,"6":1,"7":1,"8":1},"f":{},"b":{}}
,"/Users/tommasopatriti/Desktop/piperchat/services/users/src/routes/routers/auth-router.ts": {"path":"/Users/tommasopatriti/Desktop/piperchat/services/users/src/routes/routers/auth-router.ts","statementMap":{"0":{"start":{"line":1,"column":0},"end":{"line":1,"column":52}},"1":{"start":{"line":3,"column":0},"end":{"line":3,"column":81}},"2":{"start":{"line":4,"column":0},"end":{"line":4,"column":null}},"3":{"start":{"line":9,"column":39},"end":{"line":9,"column":63}},"4":{"start":{"line":11,"column":13},"end":{"line":11,"column":35}},"5":{"start":{"line":116,"column":23},"end":{"line":11,"column":26}},"6":{"start":{"line":17,"column":0},"end":{"line":39,"column":3}},"7":{"start":{"line":18,"column":1},"end":{"line":22,"column":null}},"8":{"start":{"line":19,"column":2},"end":{"line":21,"column":61}},"9":{"start":{"line":23,"column":1},"end":{"line":38,"column":5}},"10":{"start":{"line":32,"column":3},"end":{"line":32,"column":58}},"11":{"start":{"line":35,"column":3},"end":{"line":37,"column":58}},"12":{"start":{"line":49,"column":0},"end":{"line":65,"column":3}},"13":{"start":{"line":50,"column":1},"end":{"line":52,"column":null}},"14":{"start":{"line":51,"column":2},"end":{"line":51,"column":75}},"15":{"start":{"line":53,"column":1},"end":{"line":64,"column":5}},"16":{"start":{"line":56,"column":3},"end":{"line":56,"column":48}},"17":{"start":{"line":57,"column":3},"end":{"line":57,"column":57}},"18":{"start":{"line":60,"column":3},"end":{"line":60,"column":18}},"19":{"start":{"line":61,"column":3},"end":{"line":63,"column":65}},"20":{"start":{"line":74,"column":0},"end":{"line":87,"column":4}},"21":{"start":{"line":78,"column":2},"end":{"line":86,"column":6}},"22":{"start":{"line":81,"column":4},"end":{"line":81,"column":27}},"23":{"start":{"line":82,"column":4},"end":{"line":82,"column":59}},"24":{"start":{"line":85,"column":4},"end":{"line":85,"column":70}},"25":{"start":{"line":99,"column":0},"end":{"line":114,"column":4}},"26":{"start":{"line":103,"column":2},"end":{"line":113,"column":6}},"27":{"start":{"line":106,"column":4},"end":{"line":109,"column":43}},"28":{"start":{"line":112,"column":4},"end":{"line":112,"column":70}}},"fnMap":{"0":{"name":"(anonymous_0)","decl":{"start":{"line":17,"column":35},"end":{"line":17,"column":36}},"loc":{"start":{"line":17,"column":67},"end":{"line":39,"column":1}}},"1":{"name":"(anonymous_1)","decl":{"start":{"line":31,"column":8},"end":{"line":31,"column":11}},"loc":{"start":{"line":31,"column":13},"end":{"line":33,"column":3}}},"2":{"name":"(anonymous_2)","decl":{"start":{"line":34,"column":9},"end":{"line":34,"column":10}},"loc":{"start":{"line":34,"column":15},"end":{"line":38,"column":3}}},"3":{"name":"(anonymous_3)","decl":{"start":{"line":49,"column":32},"end":{"line":49,"column":33}},"loc":{"start":{"line":49,"column":64},"end":{"line":65,"column":1}}},"4":{"name":"(anonymous_4)","decl":{"start":{"line":55,"column":8},"end":{"line":55,"column":9}},"loc":{"start":{"line":55,"column":18},"end":{"line":58,"column":3}}},"5":{"name":"(anonymous_5)","decl":{"start":{"line":59,"column":9},"end":{"line":59,"column":10}},"loc":{"start":{"line":59,"column":15},"end":{"line":64,"column":3}}},"6":{"name":"(anonymous_6)","decl":{"start":{"line":77,"column":7},"end":{"line":77,"column":8}},"loc":{"start":{"line":77,"column":39},"end":{"line":87,"column":2}}},"7":{"name":"(anonymous_7)","decl":{"start":{"line":80,"column":9},"end":{"line":80,"column":12}},"loc":{"start":{"line":80,"column":14},"end":{"line":83,"column":4}}},"8":{"name":"(anonymous_8)","decl":{"start":{"line":84,"column":10},"end":{"line":84,"column":11}},"loc":{"start":{"line":84,"column":16},"end":{"line":86,"column":4}}},"9":{"name":"(anonymous_9)","decl":{"start":{"line":102,"column":7},"end":{"line":102,"column":8}},"loc":{"start":{"line":102,"column":39},"end":{"line":114,"column":2}}},"10":{"name":"(anonymous_10)","decl":{"start":{"line":105,"column":9},"end":{"line":105,"column":10}},"loc":{"start":{"line":105,"column":19},"end":{"line":110,"column":4}}},"11":{"name":"(anonymous_11)","decl":{"start":{"line":111,"column":10},"end":{"line":111,"column":11}},"loc":{"start":{"line":111,"column":16},"end":{"line":113,"column":4}}}},"branchMap":{"0":{"loc":{"start":{"line":18,"column":1},"end":{"line":22,"column":null}},"type":"if","locations":[{"start":{"line":18,"column":1},"end":{"line":22,"column":null}}]},"1":{"loc":{"start":{"line":18,"column":5},"end":{"line":18,"column":64}},"type":"binary-expr","locations":[{"start":{"line":18,"column":5},"end":{"line":18,"column":23}},{"start":{"line":18,"column":27},"end":{"line":18,"column":45}},{"start":{"line":18,"column":49},"end":{"line":18,"column":64}}]},"2":{"loc":{"start":{"line":50,"column":1},"end":{"line":52,"column":null}},"type":"if","locations":[{"start":{"line":50,"column":1},"end":{"line":52,"column":null}}]},"3":{"loc":{"start":{"line":50,"column":5},"end":{"line":50,"column":45}},"type":"binary-expr","locations":[{"start":{"line":50,"column":5},"end":{"line":50,"column":23}},{"start":{"line":50,"column":27},"end":{"line":50,"column":45}}]}},"s":{"0":1,"1":1,"2":1,"3":1,"4":1,"5":1,"6":1,"7":1,"8":0,"9":1,"10":0,"11":1,"12":1,"13":1,"14":0,"15":1,"16":1,"17":1,"18":0,"19":0,"20":1,"21":0,"22":0,"23":0,"24":0,"25":1,"26":0,"27":0,"28":0},"f":{"0":1,"1":0,"2":1,"3":1,"4":1,"5":0,"6":0,"7":0,"8":0,"9":0,"10":0,"11":0},"b":{"0":[0],"1":[1,1,1],"2":[0],"3":[1,1]}}
,"/Users/tommasopatriti/Desktop/piperchat/services/users/src/routes/routers/friends-router.ts": {"path":"/Users/tommasopatriti/Desktop/piperchat/services/users/src/routes/routers/friends-router.ts","statementMap":{"0":{"start":{"line":1,"column":0},"end":{"line":1,"column":55}},"1":{"start":{"line":3,"column":0},"end":{"line":3,"column":90}},"2":{"start":{"line":4,"column":0},"end":{"line":4,"column":56}},"3":{"start":{"line":6,"column":45},"end":{"line":6,"column":72}},"4":{"start":{"line":9,"column":0},"end":{"line":9,"column":null}},"5":{"start":{"line":10,"column":1},"end":{"line":10,"column":null}},"6":{"start":{"line":11,"column":1},"end":{"line":11,"column":null}},"7":{"start":{"line":12,"column":1},"end":{"line":12,"column":null}},"8":{"start":{"line":16,"column":13},"end":{"line":16,"column":38}},"9":{"start":{"line":17,"column":0},"end":{"line":17,"column":41}},"10":{"start":{"line":19,"column":0},"end":{"line":28,"column":3}},"11":{"start":{"line":20,"column":1},"end":{"line":27,"column":5}},"12":{"start":{"line":23,"column":3},"end":{"line":23,"column":53}},"13":{"start":{"line":26,"column":3},"end":{"line":26,"column":72}},"14":{"start":{"line":30,"column":0},"end":{"line":39,"column":3}},"15":{"start":{"line":31,"column":1},"end":{"line":38,"column":5}},"16":{"start":{"line":34,"column":3},"end":{"line":34,"column":55}},"17":{"start":{"line":37,"column":3},"end":{"line":37,"column":72}},"18":{"start":{"line":41,"column":0},"end":{"line":78,"column":3}},"19":{"start":{"line":41,"column":76},"end":{"line":78,"column":2}},"20":{"start":{"line":42,"column":1},"end":{"line":44,"column":null}},"21":{"start":{"line":43,"column":2},"end":{"line":43,"column":77}},"22":{"start":{"line":45,"column":1},"end":{"line":47,"column":null}},"23":{"start":{"line":46,"column":2},"end":{"line":46,"column":81}},"24":{"start":{"line":48,"column":1},"end":{"line":50,"column":null}},"25":{"start":{"line":49,"column":2},"end":{"line":49,"column":81}},"26":{"start":{"line":52,"column":1},"end":{"line":76,"column":null}},"27":{"start":{"line":53,"column":2},"end":{"line":59,"column":null}},"28":{"start":{"line":54,"column":3},"end":{"line":55,"column":null}},"29":{"start":{"line":56,"column":3},"end":{"line":56,"column":60}},"30":{"start":{"line":58,"column":3},"end":{"line":58,"column":75}},"31":{"start":{"line":60,"column":8},"end":{"line":76,"column":null}},"32":{"start":{"line":61,"column":2},"end":{"line":67,"column":null}},"33":{"start":{"line":62,"column":3},"end":{"line":63,"column":null}},"34":{"start":{"line":64,"column":3},"end":{"line":64,"column":71}},"35":{"start":{"line":66,"column":3},"end":{"line":66,"column":75}},"36":{"start":{"line":68,"column":8},"end":{"line":76,"column":null}},"37":{"start":{"line":69,"column":2},"end":{"line":75,"column":null}},"38":{"start":{"line":70,"column":3},"end":{"line":71,"column":null}},"39":{"start":{"line":72,"column":3},"end":{"line":72,"column":69}},"40":{"start":{"line":74,"column":3},"end":{"line":74,"column":75}}},"fnMap":{"0":{"name":"(anonymous_7)","decl":{"start":{"line":9,"column":0},"end":{"line":9,"column":5}},"loc":{"start":{"line":9,"column":24},"end":{"line":13,"column":1}}},"1":{"name":"(anonymous_8)","decl":{"start":{"line":19,"column":29},"end":{"line":19,"column":30}},"loc":{"start":{"line":19,"column":61},"end":{"line":28,"column":1}}},"2":{"name":"(anonymous_9)","decl":{"start":{"line":22,"column":8},"end":{"line":22,"column":9}},"loc":{"start":{"line":22,"column":20},"end":{"line":24,"column":3}}},"3":{"name":"(anonymous_10)","decl":{"start":{"line":25,"column":9},"end":{"line":25,"column":10}},"loc":{"start":{"line":25,"column":15},"end":{"line":27,"column":3}}},"4":{"name":"(anonymous_11)","decl":{"start":{"line":30,"column":37},"end":{"line":30,"column":38}},"loc":{"start":{"line":30,"column":69},"end":{"line":39,"column":1}}},"5":{"name":"(anonymous_12)","decl":{"start":{"line":33,"column":8},"end":{"line":33,"column":9}},"loc":{"start":{"line":33,"column":21},"end":{"line":35,"column":3}}},"6":{"name":"(anonymous_13)","decl":{"start":{"line":36,"column":9},"end":{"line":36,"column":10}},"loc":{"start":{"line":36,"column":15},"end":{"line":38,"column":3}}},"7":{"name":"(anonymous_14)","decl":{"start":{"line":41,"column":38},"end":{"line":41,"column":45}},"loc":{"start":{"line":41,"column":76},"end":{"line":78,"column":2}}},"8":{"name":"(anonymous_15)","decl":{"start":{"line":41,"column":76},"end":{"line":41,"column":null}},"loc":{"start":{"line":41,"column":76},"end":{"line":78,"column":1}}}},"branchMap":{"0":{"loc":{"start":{"line":9,"column":5},"end":{"line":9,"column":null}},"type":"binary-expr","locations":[{"start":{"line":9,"column":5},"end":{"line":9,"column":24}},{"start":{"line":9,"column":5},"end":{"line":9,"column":null}}]},"1":{"loc":{"start":{"line":42,"column":1},"end":{"line":44,"column":null}},"type":"if","locations":[{"start":{"line":42,"column":1},"end":{"line":44,"column":null}}]},"2":{"loc":{"start":{"line":45,"column":1},"end":{"line":47,"column":null}},"type":"if","locations":[{"start":{"line":45,"column":1},"end":{"line":47,"column":null}}]},"3":{"loc":{"start":{"line":48,"column":1},"end":{"line":50,"column":null}},"type":"if","locations":[{"start":{"line":48,"column":1},"end":{"line":50,"column":null}}]},"4":{"loc":{"start":{"line":52,"column":1},"end":{"line":76,"column":null}},"type":"if","locations":[{"start":{"line":52,"column":1},"end":{"line":76,"column":null}},{"start":{"line":60,"column":8},"end":{"line":76,"column":null}}]},"5":{"loc":{"start":{"line":60,"column":8},"end":{"line":76,"column":null}},"type":"if","locations":[{"start":{"line":60,"column":8},"end":{"line":76,"column":null}},{"start":{"line":68,"column":8},"end":{"line":76,"column":null}}]},"6":{"loc":{"start":{"line":68,"column":8},"end":{"line":76,"column":null}},"type":"if","locations":[{"start":{"line":68,"column":8},"end":{"line":76,"column":null}}]}},"s":{"0":1,"1":1,"2":1,"3":1,"4":1,"5":1,"6":1,"7":1,"8":1,"9":1,"10":1,"11":0,"12":0,"13":0,"14":1,"15":0,"16":0,"17":0,"18":1,"19":0,"20":0,"21":0,"22":0,"23":0,"24":0,"25":0,"26":0,"27":0,"28":0,"29":0,"30":0,"31":0,"32":0,"33":0,"34":0,"35":0,"36":0,"37":0,"38":0,"39":0,"40":0},"f":{"0":1,"1":0,"2":0,"3":0,"4":0,"5":0,"6":0,"7":0,"8":0},"b":{"0":[1,1],"1":[0],"2":[0],"3":[0],"4":[0,0],"5":[0,0],"6":[0]}}
,"/Users/tommasopatriti/Desktop/piperchat/services/users/src/routes/routers/user-router.ts": {"path":"/Users/tommasopatriti/Desktop/piperchat/services/users/src/routes/routers/user-router.ts","statementMap":{"0":{"start":{"line":1,"column":0},"end":{"line":1,"column":52}},"1":{"start":{"line":3,"column":0},"end":{"line":3,"column":81}},"2":{"start":{"line":4,"column":0},"end":{"line":4,"column":56}},"3":{"start":{"line":6,"column":39},"end":{"line":6,"column":63}},"4":{"start":{"line":8,"column":13},"end":{"line":8,"column":35}},"5":{"start":{"line":9,"column":0},"end":{"line":9,"column":38}},"6":{"start":{"line":11,"column":0},"end":{"line":20,"column":3}},"7":{"start":{"line":12,"column":1},"end":{"line":19,"column":5}},"8":{"start":{"line":15,"column":3},"end":{"line":15,"column":51}},"9":{"start":{"line":18,"column":3},"end":{"line":18,"column":72}},"10":{"start":{"line":22,"column":0},"end":{"line":31,"column":3}},"11":{"start":{"line":23,"column":1},"end":{"line":30,"column":5}},"12":{"start":{"line":26,"column":3},"end":{"line":26,"column":49}},"13":{"start":{"line":29,"column":3},"end":{"line":29,"column":72}},"14":{"start":{"line":33,"column":0},"end":{"line":45,"column":3}},"15":{"start":{"line":34,"column":1},"end":{"line":36,"column":null}},"16":{"start":{"line":35,"column":2},"end":{"line":35,"column":70}},"17":{"start":{"line":37,"column":1},"end":{"line":44,"column":5}},"18":{"start":{"line":40,"column":3},"end":{"line":40,"column":57}},"19":{"start":{"line":43,"column":3},"end":{"line":43,"column":72}},"20":{"start":{"line":47,"column":0},"end":{"line":56,"column":3}},"21":{"start":{"line":48,"column":1},"end":{"line":55,"column":5}},"22":{"start":{"line":51,"column":3},"end":{"line":51,"column":61}},"23":{"start":{"line":54,"column":3},"end":{"line":54,"column":72}},"24":{"start":{"line":58,"column":0},"end":{"line":72,"column":4}},"25":{"start":{"line":61,"column":2},"end":{"line":63,"column":null}},"26":{"start":{"line":62,"column":3},"end":{"line":62,"column":77}},"27":{"start":{"line":64,"column":2},"end":{"line":71,"column":6}},"28":{"start":{"line":67,"column":4},"end":{"line":67,"column":64}},"29":{"start":{"line":70,"column":4},"end":{"line":70,"column":73}}},"fnMap":{"0":{"name":"(anonymous_0)","decl":{"start":{"line":11,"column":41},"end":{"line":11,"column":42}},"loc":{"start":{"line":11,"column":73},"end":{"line":20,"column":1}}},"1":{"name":"(anonymous_1)","decl":{"start":{"line":14,"column":8},"end":{"line":14,"column":9}},"loc":{"start":{"line":14,"column":19},"end":{"line":16,"column":3}}},"2":{"name":"(anonymous_2)","decl":{"start":{"line":17,"column":9},"end":{"line":17,"column":10}},"loc":{"start":{"line":17,"column":15},"end":{"line":19,"column":3}}},"3":{"name":"(anonymous_3)","decl":{"start":{"line":22,"column":40},"end":{"line":22,"column":41}},"loc":{"start":{"line":22,"column":72},"end":{"line":31,"column":1}}},"4":{"name":"(anonymous_4)","decl":{"start":{"line":25,"column":8},"end":{"line":25,"column":9}},"loc":{"start":{"line":25,"column":18},"end":{"line":27,"column":3}}},"5":{"name":"(anonymous_5)","decl":{"start":{"line":28,"column":9},"end":{"line":28,"column":10}},"loc":{"start":{"line":28,"column":15},"end":{"line":30,"column":3}}},"6":{"name":"(anonymous_6)","decl":{"start":{"line":33,"column":41},"end":{"line":33,"column":42}},"loc":{"start":{"line":33,"column":73},"end":{"line":45,"column":1}}},"7":{"name":"(anonymous_7)","decl":{"start":{"line":39,"column":8},"end":{"line":39,"column":11}},"loc":{"start":{"line":39,"column":13},"end":{"line":41,"column":3}}},"8":{"name":"(anonymous_8)","decl":{"start":{"line":42,"column":9},"end":{"line":42,"column":10}},"loc":{"start":{"line":42,"column":15},"end":{"line":44,"column":3}}},"9":{"name":"(anonymous_9)","decl":{"start":{"line":47,"column":46},"end":{"line":47,"column":47}},"loc":{"start":{"line":47,"column":78},"end":{"line":56,"column":1}}},"10":{"name":"(anonymous_10)","decl":{"start":{"line":50,"column":8},"end":{"line":50,"column":9}},"loc":{"start":{"line":50,"column":24},"end":{"line":52,"column":3}}},"11":{"name":"(anonymous_11)","decl":{"start":{"line":53,"column":9},"end":{"line":53,"column":10}},"loc":{"start":{"line":53,"column":15},"end":{"line":55,"column":3}}},"12":{"name":"(anonymous_12)","decl":{"start":{"line":60,"column":7},"end":{"line":60,"column":8}},"loc":{"start":{"line":60,"column":39},"end":{"line":72,"column":2}}},"13":{"name":"(anonymous_13)","decl":{"start":{"line":66,"column":9},"end":{"line":66,"column":12}},"loc":{"start":{"line":66,"column":14},"end":{"line":68,"column":4}}},"14":{"name":"(anonymous_14)","decl":{"start":{"line":69,"column":10},"end":{"line":69,"column":11}},"loc":{"start":{"line":69,"column":16},"end":{"line":71,"column":4}}}},"branchMap":{"0":{"loc":{"start":{"line":34,"column":1},"end":{"line":36,"column":null}},"type":"if","locations":[{"start":{"line":34,"column":1},"end":{"line":36,"column":null}}]},"1":{"loc":{"start":{"line":61,"column":2},"end":{"line":63,"column":null}},"type":"if","locations":[{"start":{"line":61,"column":2},"end":{"line":63,"column":null}}]}},"s":{"0":1,"1":1,"2":1,"3":1,"4":1,"5":1,"6":1,"7":0,"8":0,"9":0,"10":1,"11":0,"12":0,"13":0,"14":1,"15":0,"16":0,"17":0,"18":0,"19":0,"20":1,"21":0,"22":0,"23":0,"24":1,"25":0,"26":0,"27":0,"28":0,"29":0},"f":{"0":0,"1":0,"2":0,"3":0,"4":0,"5":0,"6":0,"7":0,"8":0,"9":0,"10":0,"11":0,"12":0,"13":0,"14":0},"b":{"0":[0],"1":[0]}}
,"/Users/tommasopatriti/Desktop/piperchat/services/users/src/utils/basic-events-repository.ts": {"path":"/Users/tommasopatriti/Desktop/piperchat/services/users/src/utils/basic-events-repository.ts","statementMap":{"0":{"start":{"line":1,"column":0},"end":{"line":1,"column":39}},"1":{"start":{"line":7,"column":2},"end":{"line":9,"column":null}},"2":{"start":{"line":8,"column":3},"end":{"line":8,"column":40}},"3":{"start":{"line":10,"column":2},"end":{"line":10,"column":34}},"4":{"start":{"line":3,"column":0},"end":{"line":3,"column":13}}},"fnMap":{"0":{"name":"(anonymous_0)","decl":{"start":{"line":6,"column":11},"end":{"line":6,"column":21}},"loc":{"start":{"line":6,"column":21},"end":{"line":11,"column":2}}}},"branchMap":{"0":{"loc":{"start":{"line":7,"column":2},"end":{"line":9,"column":null}},"type":"if","locations":[{"start":{"line":7,"column":2},"end":{"line":9,"column":null}}]}},"s":{"0":1,"1":0,"2":0,"3":0,"4":1},"f":{"0":0},"b":{"0":[0]}}
,"/Users/tommasopatriti/Desktop/piperchat/services/users/src/utils/jwt.ts": {"path":"/Users/tommasopatriti/Desktop/piperchat/services/users/src/utils/jwt.ts","statementMap":{"0":{"start":{"line":2,"column":0},"end":{"line":2,"column":31}},"1":{"start":{"line":18,"column":35},"end":{"line":24,"column":1}},"2":{"start":{"line":19,"column":1},"end":{"line":23,"column":3}},"3":{"start":{"line":18,"column":13},"end":{"line":18,"column":35}},"4":{"start":{"line":26,"column":33},"end":{"line":28,"column":2}},"5":{"start":{"line":26,"column":57},"end":{"line":28,"column":2}},"6":{"start":{"line":27,"column":1},"end":{"line":27,"column":71}},"7":{"start":{"line":26,"column":13},"end":{"line":26,"column":33}},"8":{"start":{"line":30,"column":36},"end":{"line":36,"column":1}},"9":{"start":{"line":31,"column":1},"end":{"line":35,"column":3}},"10":{"start":{"line":30,"column":13},"end":{"line":30,"column":36}},"11":{"start":{"line":38,"column":34},"end":{"line":40,"column":2}},"12":{"start":{"line":38,"column":58},"end":{"line":40,"column":2}},"13":{"start":{"line":39,"column":1},"end":{"line":39,"column":73}},"14":{"start":{"line":38,"column":13},"end":{"line":38,"column":34}},"15":{"start":{"line":42,"column":37},"end":{"line":67,"column":1}},"16":{"start":{"line":43,"column":1},"end":{"line":43,"column":66}},"17":{"start":{"line":44,"column":21},"end":{"line":44,"column":36}},"18":{"start":{"line":45,"column":1},"end":{"line":49,"column":null}},"19":{"start":{"line":46,"column":2},"end":{"line":48,"column":58}},"20":{"start":{"line":50,"column":1},"end":{"line":66,"column":null}},"21":{"start":{"line":51,"column":18},"end":{"line":53,"column":null}},"22":{"start":{"line":55,"column":2},"end":{"line":55,"column":45}},"23":{"start":{"line":56,"column":2},"end":{"line":60,"column":4}},"24":{"start":{"line":61,"column":2},"end":{"line":61,"column":9}},"25":{"start":{"line":63,"column":2},"end":{"line":65,"column":68}},"26":{"start":{"line":42,"column":13},"end":{"line":42,"column":37}},"27":{"start":{"line":69,"column":39},"end":{"line":91,"column":1}},"28":{"start":{"line":70,"column":1},"end":{"line":70,"column":68}},"29":{"start":{"line":71,"column":21},"end":{"line":71,"column":36}},"30":{"start":{"line":72,"column":1},"end":{"line":76,"column":null}},"31":{"start":{"line":73,"column":2},"end":{"line":75,"column":58}},"32":{"start":{"line":77,"column":1},"end":{"line":90,"column":null}},"33":{"start":{"line":78,"column":2},"end":{"line":78,"column":71}},"34":{"start":{"line":79,"column":2},"end":{"line":81,"column":60}},"35":{"start":{"line":83,"column":15},"end":{"line":83,"column":45}},"36":{"start":{"line":84,"column":2},"end":{"line":88,"column":4}},"37":{"start":{"line":89,"column":2},"end":{"line":89,"column":9}},"38":{"start":{"line":69,"column":13},"end":{"line":69,"column":39}}},"fnMap":{"0":{"name":"(anonymous_8)","decl":{"start":{"line":18,"column":35},"end":{"line":18,"column":36}},"loc":{"start":{"line":18,"column":49},"end":{"line":24,"column":1}}},"1":{"name":"(anonymous_9)","decl":{"start":{"line":26,"column":33},"end":{"line":26,"column":40}},"loc":{"start":{"line":26,"column":57},"end":{"line":28,"column":2}}},"2":{"name":"(anonymous_10)","decl":{"start":{"line":26,"column":57},"end":{"line":26,"column":null}},"loc":{"start":{"line":26,"column":57},"end":{"line":28,"column":1}}},"3":{"name":"(anonymous_11)","decl":{"start":{"line":30,"column":36},"end":{"line":30,"column":37}},"loc":{"start":{"line":30,"column":50},"end":{"line":36,"column":1}}},"4":{"name":"(anonymous_12)","decl":{"start":{"line":38,"column":34},"end":{"line":38,"column":41}},"loc":{"start":{"line":38,"column":58},"end":{"line":40,"column":2}}},"5":{"name":"(anonymous_13)","decl":{"start":{"line":38,"column":58},"end":{"line":38,"column":null}},"loc":{"start":{"line":38,"column":58},"end":{"line":40,"column":1}}},"6":{"name":"(anonymous_14)","decl":{"start":{"line":42,"column":37},"end":{"line":42,"column":38}},"loc":{"start":{"line":42,"column":75},"end":{"line":67,"column":1}}},"7":{"name":"(anonymous_15)","decl":{"start":{"line":69,"column":39},"end":{"line":69,"column":40}},"loc":{"start":{"line":69,"column":77},"end":{"line":91,"column":1}}}},"branchMap":{"0":{"loc":{"start":{"line":21,"column":2},"end":{"line":21,"column":45}},"type":"binary-expr","locations":[{"start":{"line":21,"column":2},"end":{"line":21,"column":33}},{"start":{"line":21,"column":37},"end":{"line":21,"column":45}}]},"1":{"loc":{"start":{"line":27,"column":26},"end":{"line":27,"column":69}},"type":"binary-expr","locations":[{"start":{"line":27,"column":26},"end":{"line":27,"column":57}},{"start":{"line":27,"column":61},"end":{"line":27,"column":69}}]},"2":{"loc":{"start":{"line":33,"column":2},"end":{"line":33,"column":47}},"type":"binary-expr","locations":[{"start":{"line":33,"column":2},"end":{"line":33,"column":34}},{"start":{"line":33,"column":38},"end":{"line":33,"column":47}}]},"3":{"loc":{"start":{"line":39,"column":26},"end":{"line":39,"column":71}},"type":"binary-expr","locations":[{"start":{"line":39,"column":26},"end":{"line":39,"column":58}},{"start":{"line":39,"column":62},"end":{"line":39,"column":71}}]},"4":{"loc":{"start":{"line":45,"column":1},"end":{"line":49,"column":null}},"type":"if","locations":[{"start":{"line":45,"column":1},"end":{"line":49,"column":null}}]},"5":{"loc":{"start":{"line":53,"column":3},"end":{"line":53,"column":46}},"type":"binary-expr","locations":[{"start":{"line":53,"column":3},"end":{"line":53,"column":34}},{"start":{"line":53,"column":38},"end":{"line":53,"column":46}}]},"6":{"loc":{"start":{"line":72,"column":1},"end":{"line":76,"column":null}},"type":"if","locations":[{"start":{"line":72,"column":1},"end":{"line":76,"column":null}}]},"7":{"loc":{"start":{"line":78,"column":26},"end":{"line":78,"column":69}},"type":"binary-expr","locations":[{"start":{"line":78,"column":26},"end":{"line":78,"column":57}},{"start":{"line":78,"column":61},"end":{"line":78,"column":69}}]}},"s":{"0":1,"1":1,"2":1,"3":1,"4":1,"5":0,"6":0,"7":1,"8":1,"9":1,"10":1,"11":1,"12":0,"13":0,"14":1,"15":1,"16":0,"17":0,"18":0,"19":0,"20":0,"21":0,"22":0,"23":0,"24":0,"25":0,"26":1,"27":1,"28":0,"29":0,"30":0,"31":0,"32":0,"33":0,"34":0,"35":0,"36":0,"37":0,"38":1},"f":{"0":1,"1":0,"2":0,"3":1,"4":0,"5":0,"6":0,"7":0},"b":{"0":[1,1],"1":[0,0],"2":[1,1],"3":[0,0],"4":[0],"5":[0,0],"6":[0],"7":[0,0]}}
,"/Users/tommasopatriti/Desktop/piperchat/services/users/src/utils/mongoose.ts": {"path":"/Users/tommasopatriti/Desktop/piperchat/services/users/src/utils/mongoose.ts","statementMap":{"0":{"start":{"line":1,"column":0},"end":{"line":1,"column":32}},"1":{"start":{"line":4,"column":2},"end":{"line":9,"column":null}},"2":{"start":{"line":5,"column":3},"end":{"line":5,"column":41}},"3":{"start":{"line":6,"column":3},"end":{"line":6,"column":39}},"4":{"start":{"line":8,"column":3},"end":{"line":8,"column":22}},"5":{"start":{"line":13,"column":2},"end":{"line":13,"column":30}},"6":{"start":{"line":2,"column":0},"end":{"line":2,"column":13}}},"fnMap":{"0":{"name":"(anonymous_8)","decl":{"start":{"line":3,"column":1},"end":{"line":3,"column":7}},"loc":{"start":{"line":3,"column":46},"end":{"line":10,"column":null}}},"1":{"name":"(anonymous_10)","decl":{"start":{"line":12,"column":1},"end":{"line":12,"column":7}},"loc":{"start":{"line":12,"column":19},"end":{"line":14,"column":null}}}},"branchMap":{},"s":{"0":1,"1":1,"2":1,"3":1,"4":0,"5":1,"6":1},"f":{"0":1,"1":1},"b":{}}
,"/Users/tommasopatriti/Desktop/piperchat/services/users/src/utils/rabbit-mq.ts": {"path":"/Users/tommasopatriti/Desktop/piperchat/services/users/src/utils/rabbit-mq.ts","statementMap":{"0":{"start":{"line":1,"column":0},"end":{"line":1,"column":27}},"1":{"start":{"line":11,"column":2},"end":{"line":14,"column":null}},"2":{"start":{"line":12,"column":3},"end":{"line":12,"column":51}},"3":{"start":{"line":13,"column":3},"end":{"line":13,"column":37}},"4":{"start":{"line":18,"column":2},"end":{"line":20,"column":null}},"5":{"start":{"line":19,"column":3},"end":{"line":19,"column":47}},"6":{"start":{"line":24,"column":2},"end":{"line":26,"column":null}},"7":{"start":{"line":25,"column":3},"end":{"line":25,"column":47}},"8":{"start":{"line":27,"column":2},"end":{"line":27,"column":27}},"9":{"start":{"line":31,"column":2},"end":{"line":31,"column":37}},"10":{"start":{"line":35,"column":2},"end":{"line":41,"column":null}},"11":{"start":{"line":36,"column":3},"end":{"line":36,"column":60}},"12":{"start":{"line":37,"column":3},"end":{"line":37,"column":56}},"13":{"start":{"line":38,"column":3},"end":{"line":38,"column":40}},"14":{"start":{"line":40,"column":3},"end":{"line":40,"column":22}},"15":{"start":{"line":45,"column":2},"end":{"line":45,"column":22}},"16":{"start":{"line":3,"column":0},"end":{"line":3,"column":13}}},"fnMap":{"0":{"name":"(anonymous_8)","decl":{"start":{"line":10,"column":1},"end":{"line":10,"column":7}},"loc":{"start":{"line":10,"column":46},"end":{"line":15,"column":null}}},"1":{"name":"(anonymous_10)","decl":{"start":{"line":17,"column":1},"end":{"line":17,"column":7}},"loc":{"start":{"line":17,"column":19},"end":{"line":21,"column":null}}},"2":{"name":"(anonymous_12)","decl":{"start":{"line":23,"column":1},"end":{"line":23,"column":7}},"loc":{"start":{"line":23,"column":19},"end":{"line":28,"column":2}}},"3":{"name":"(anonymous_13)","decl":{"start":{"line":30,"column":1},"end":{"line":30,"column":21}},"loc":{"start":{"line":30,"column":42},"end":{"line":32,"column":2}}},"4":{"name":"(anonymous_14)","decl":{"start":{"line":34,"column":7},"end":{"line":34,"column":14}},"loc":{"start":{"line":34,"column":14},"end":{"line":42,"column":null}}},"5":{"name":"(anonymous_16)","decl":{"start":{"line":44,"column":1},"end":{"line":44,"column":11}},"loc":{"start":{"line":44,"column":11},"end":{"line":46,"column":2}}}},"branchMap":{"0":{"loc":{"start":{"line":11,"column":2},"end":{"line":14,"column":null}},"type":"if","locations":[{"start":{"line":11,"column":2},"end":{"line":14,"column":null}}]},"1":{"loc":{"start":{"line":18,"column":2},"end":{"line":20,"column":null}},"type":"if","locations":[{"start":{"line":18,"column":2},"end":{"line":20,"column":null}}]},"2":{"loc":{"start":{"line":19,"column":9},"end":{"line":19,"column":46}},"type":"cond-expr","locations":[{"start":{"line":19,"column":37},"end":{"line":19,"column":39}},{"start":{"line":19,"column":37},"end":{"line":19,"column":46}}]},"3":{"loc":{"start":{"line":19,"column":9},"end":{"line":19,"column":39}},"type":"binary-expr","locations":[{"start":{"line":19,"column":9},"end":{"line":19,"column":39}},{"start":{"line":19,"column":37},"end":{"line":19,"column":39}}]},"4":{"loc":{"start":{"line":24,"column":2},"end":{"line":26,"column":null}},"type":"if","locations":[{"start":{"line":24,"column":2},"end":{"line":26,"column":null}}]}},"s":{"0":1,"1":1,"2":1,"3":1,"4":1,"5":1,"6":1,"7":0,"8":1,"9":1,"10":1,"11":1,"12":1,"13":1,"14":0,"15":2,"16":1},"f":{"0":1,"1":1,"2":1,"3":1,"4":1,"5":2},"b":{"0":[1],"1":[1],"2":[0,1],"3":[1,1],"4":[0]}}
,"/Users/tommasopatriti/Desktop/piperchat/services/users/tests/api/user-api.ts": {"path":"/Users/tommasopatriti/Desktop/piperchat/services/users/tests/api/user-api.ts","statementMap":{"0":{"start":{"line":9,"column":9},"end":{"line":9,"column":29}},"1":{"start":{"line":6,"column":2},"end":{"line":6,"column":25}},"2":{"start":{"line":14,"column":19},"end":{"line":18,"column":4}},"3":{"start":{"line":23,"column":19},"end":{"line":26,"column":4}},"4":{"start":{"line":27,"column":2},"end":{"line":27,"column":29}},"5":{"start":{"line":28,"column":2},"end":{"line":28,"column":37}},"6":{"start":{"line":33,"column":2},"end":{"line":33,"column":40}},"7":{"start":{"line":34,"column":2},"end":{"line":34,"column":71}},"8":{"start":{"line":2,"column":0},"end":{"line":2,"column":13}}},"fnMap":{"0":{"name":"(anonymous_7)","decl":{"start":{"line":5,"column":1},"end":{"line":5,"column":13}},"loc":{"start":{"line":5,"column":57},"end":{"line":7,"column":2}}},"1":{"name":"(anonymous_8)","decl":{"start":{"line":13,"column":7},"end":{"line":13,"column":15}},"loc":{"start":{"line":13,"column":65},"end":{"line":19,"column":null}}},"2":{"name":"(anonymous_10)","decl":{"start":{"line":22,"column":7},"end":{"line":22,"column":12}},"loc":{"start":{"line":22,"column":47},"end":{"line":29,"column":null}}},"3":{"name":"(anonymous_12)","decl":{"start":{"line":32,"column":7},"end":{"line":32,"column":20}},"loc":{"start":{"line":32,"column":20},"end":{"line":35,"column":null}}}},"branchMap":{},"s":{"0":1,"1":1,"2":1,"3":1,"4":1,"5":1,"6":1,"7":1,"8":1},"f":{"0":1,"1":1,"2":1,"3":1},"b":{}}
}
