TN:
SF:src/server.ts
FN:11,(anonymous_8)
FN:19,(anonymous_9)
FN:25,(anonymous_10)
FN:29,(anonymous_11)
FN:29,(anonymous_12)
FN:30,(anonymous_14)
FN:31,(anonymous_15)
FN:38,(anonymous_16)
FNF:8
FNH:8
FNDA:1,(anonymous_8)
FNDA:1,(anonymous_9)
FNDA:1,(anonymous_10)
FNDA:1,(anonymous_11)
FNDA:1,(anonymous_12)
FNDA:1,(anonymous_14)
FNDA:1,(anonymous_15)
FNDA:1,(anonymous_16)
DA:1,1
DA:2,1
DA:3,1
DA:4,1
DA:6,1
DA:12,1
DA:13,1
DA:14,1
DA:15,1
DA:16,1
DA:20,1
DA:21,1
DA:22,1
DA:26,1
DA:30,1
DA:31,1
DA:32,1
DA:33,1
DA:39,1
LF:19
LH:19
BRDA:29,0,0,1
BRF:1
BRH:1
end_of_record
TN:
SF:src/controllers/auth/auth-controller-impl.ts
FN:14,(anonymous_8)
FN:19,(anonymous_9)
FN:29,(anonymous_11)
FN:36,(anonymous_12)
FN:39,(anonymous_14)
FN:55,(anonymous_15)
FN:58,(anonymous_17)
FN:66,(anonymous_18)
FN:73,(anonymous_19)
FN:74,(anonymous_21)
FNF:10
FNH:4
FNDA:1,(anonymous_8)
FNDA:1,(anonymous_9)
FNDA:1,(anonymous_11)
FNDA:1,(anonymous_12)
FNDA:0,(anonymous_14)
FNDA:0,(anonymous_15)
FNDA:0,(anonymous_17)
FNDA:0,(anonymous_18)
FNDA:0,(anonymous_19)
FNDA:0,(anonymous_21)
DA:4,1
DA:5,1
DA:6,1
DA:7,1
DA:12,1
DA:14,1
DA:15,1
DA:16,1
DA:26,1
DA:27,1
DA:30,1
DA:32,0
DA:33,0
DA:37,1
DA:40,0
DA:43,1
DA:44,1
DA:45,0
DA:48,1
DA:49,1
DA:51,1
DA:52,1
DA:56,0
DA:59,0
DA:62,0
DA:63,0
DA:66,0
DA:67,0
DA:70,0
DA:74,0
DA:75,0
LF:31
LH:18
BRDA:44,0,0,0
BRDA:62,1,0,0
BRF:2
BRH:0
end_of_record
TN:
SF:src/controllers/auth/auth-controller.ts
FNF:0
FNH:0
DA:48,1
DA:49,1
DA:50,1
DA:51,1
DA:52,1
DA:53,1
LF:6
LH:6
BRF:0
BRH:0
end_of_record
TN:
SF:src/controllers/friends/friends-controller-impl.ts
FN:9,(anonymous_7)
FN:13,(anonymous_8)
FN:17,(anonymous_10)
FN:21,(anonymous_12)
FN:24,(anonymous_14)
FN:27,(anonymous_16)
FNF:6
FNH:1
FNDA:1,(anonymous_7)
FNDA:0,(anonymous_8)
FNDA:0,(anonymous_10)
FNDA:0,(anonymous_12)
FNDA:0,(anonymous_14)
FNDA:0,(anonymous_16)
DA:4,1
DA:9,1
DA:11,1
DA:14,0
DA:15,0
DA:18,0
DA:19,0
DA:22,0
DA:25,0
DA:28,0
LF:10
LH:3
BRF:0
BRH:0
end_of_record
TN:
SF:src/controllers/user/user-controller-impl.ts
FN:4,(anonymous_0)
FN:7,(anonymous_1)
FN:10,(anonymous_2)
FN:13,(anonymous_3)
FN:16,(anonymous_4)
FNF:5
FNH:0
FNDA:0,(anonymous_0)
FNDA:0,(anonymous_1)
FNDA:0,(anonymous_2)
FNDA:0,(anonymous_3)
FNDA:0,(anonymous_4)
DA:3,1
DA:5,0
DA:8,0
DA:11,0
DA:14,0
DA:17,0
LF:6
LH:1
BRF:0
BRH:0
end_of_record
TN:
SF:src/events/events.ts
FN:15,(anonymous_7)
FN:21,(anonymous_9)
FN:30,(anonymous_11)
FN:31,(anonymous_13)
FN:31,(anonymous_14)
FN:46,(anonymous_15)
FN:58,(anonymous_17)
FN:58,(anonymous_18)
FNF:8
FNH:4
FNDA:1,(anonymous_7)
FNDA:1,(anonymous_9)
FNDA:1,(anonymous_11)
FNDA:0,(anonymous_13)
FNDA:0,(anonymous_14)
FNDA:1,(anonymous_15)
FNDA:0,(anonymous_17)
FNDA:0,(anonymous_18)
DA:2,1
DA:3,1
DA:11,1
DA:13,1
DA:16,1
DA:17,1
DA:18,1
DA:22,1
DA:25,1
DA:31,1
DA:32,0
DA:34,0
DA:35,0
DA:37,0
DA:38,0
DA:40,0
DA:41,0
DA:50,1
DA:51,1
DA:54,1
DA:55,0
DA:57,1
DA:58,1
DA:59,0
DA:60,0
DA:63,0
DA:64,0
DA:65,0
LF:28
LH:15
BRDA:25,0,0,0
BRDA:25,0,1,1
BRDA:25,1,0,1
BRDA:25,1,1,1
BRDA:32,2,0,0
BRDA:32,2,1,0
BRDA:32,2,2,0
BRDA:51,3,0,0
BRDA:51,3,1,1
BRDA:51,4,0,1
BRDA:51,4,1,1
BRDA:54,5,0,0
BRDA:57,6,0,0
BRDA:57,6,1,1
BRDA:57,7,0,1
BRDA:57,7,1,1
BRDA:58,8,0,0
BRDA:58,8,1,1
BRDA:58,9,0,1
BRDA:58,9,1,1
BRDA:59,10,0,0
BRF:21
BRH:12
end_of_record
TN:
SF:src/events/repositories/user/user-events-repository-impl.ts
FN:8,(anonymous_7)
FN:13,(anonymous_9)
FN:18,(anonymous_11)
FNF:3
FNH:0
FNDA:0,(anonymous_7)
FNDA:0,(anonymous_9)
FNDA:0,(anonymous_11)
DA:1,1
DA:4,1
DA:9,0
DA:10,0
DA:14,0
DA:15,0
DA:19,0
DA:20,0
LF:8
LH:2
BRDA:10,0,0,0
BRDA:10,0,1,0
BRDA:10,1,0,0
BRDA:10,1,1,0
BRDA:15,2,0,0
BRDA:15,2,1,0
BRDA:15,3,0,0
BRDA:15,3,1,0
BRDA:20,4,0,0
BRDA:20,4,1,0
BRDA:20,5,0,0
BRDA:20,5,1,0
BRF:12
BRH:0
end_of_record
TN:
SF:src/models/user-model.ts
FNF:0
FNH:0
DA:1,1
DA:18,1
DA:76,1
LF:3
LH:3
BRF:0
BRH:0
end_of_record
TN:
SF:src/repositories/user/user-repository-impl.ts
FN:6,(anonymous_7)
FN:10,(anonymous_9)
FN:14,(anonymous_11)
FN:22,(anonymous_13)
FN:26,(anonymous_15)
FN:43,(anonymous_17)
FN:50,(anonymous_19)
FN:55,(anonymous_21)
FN:72,(anonymous_23)
FN:83,(anonymous_25)
FNF:10
FNH:3
FNDA:2,(anonymous_7)
FNDA:0,(anonymous_9)
FNDA:1,(anonymous_11)
FNDA:0,(anonymous_13)
FNDA:1,(anonymous_15)
FNDA:0,(anonymous_17)
FNDA:0,(anonymous_19)
FNDA:0,(anonymous_21)
FNDA:0,(anonymous_23)
FNDA:0,(anonymous_25)
DA:2,1
DA:5,1
DA:7,2
DA:11,0
DA:15,1
DA:16,1
DA:23,0
DA:33,1
DA:40,0
DA:44,0
DA:45,0
DA:46,0
DA:51,0
DA:52,0
DA:56,0
DA:57,0
DA:58,0
DA:61,0
DA:62,0
DA:64,0
DA:65,0
DA:66,0
DA:68,0
DA:73,0
DA:74,0
DA:75,0
DA:76,0
DA:77,0
DA:79,0
DA:84,0
DA:85,0
DA:86,0
DA:87,0
DA:89,0
LF:34
LH:6
BRDA:57,0,0,0
BRDA:57,0,1,0
BRDA:61,1,0,0
BRDA:61,1,1,0
BRDA:64,2,0,0
BRDA:64,2,1,0
BRDA:64,3,0,0
BRDA:64,3,1,0
BRDA:74,4,0,0
BRDA:74,4,1,0
BRDA:85,5,0,0
BRDA:85,5,1,0
BRF:12
BRH:0
end_of_record
TN:
SF:src/routes/router.ts
FNF:0
FNH:0
DA:1,1
DA:2,1
DA:3,1
DA:4,1
DA:6,1
DA:8,1
DA:9,1
DA:10,1
DA:12,1
LF:9
LH:9
BRF:0
BRH:0
end_of_record
TN:
SF:src/routes/routers/auth-router.ts
FN:17,(anonymous_0)
FN:31,(anonymous_1)
FN:34,(anonymous_2)
FN:49,(anonymous_3)
FN:55,(anonymous_4)
FN:59,(anonymous_5)
FN:77,(anonymous_6)
FN:80,(anonymous_7)
FN:84,(anonymous_8)
FN:102,(anonymous_9)
FN:105,(anonymous_10)
FN:111,(anonymous_11)
FNF:12
FNH:4
FNDA:1,(anonymous_0)
FNDA:0,(anonymous_1)
FNDA:1,(anonymous_2)
FNDA:1,(anonymous_3)
FNDA:1,(anonymous_4)
FNDA:0,(anonymous_5)
FNDA:0,(anonymous_6)
FNDA:0,(anonymous_7)
FNDA:0,(anonymous_8)
FNDA:0,(anonymous_9)
FNDA:0,(anonymous_10)
FNDA:0,(anonymous_11)
DA:1,1
DA:3,1
DA:4,1
DA:9,1
DA:11,1
DA:17,1
DA:18,1
DA:19,0
DA:23,1
DA:32,0
DA:35,1
DA:49,1
DA:50,1
DA:51,0
DA:53,1
DA:56,1
DA:57,1
DA:60,0
DA:61,0
DA:74,1
DA:78,0
DA:81,0
DA:82,0
DA:85,0
DA:99,1
DA:103,0
DA:106,0
DA:112,0
DA:116,1
LF:29
LH:17
BRDA:18,0,0,0
BRDA:18,1,0,1
BRDA:18,1,1,1
BRDA:18,1,2,1
BRDA:50,2,0,0
BRDA:50,3,0,1
BRDA:50,3,1,1
BRF:7
BRH:5
end_of_record
TN:
SF:src/routes/routers/friends-router.ts
FN:9,(anonymous_7)
FN:19,(anonymous_8)
FN:22,(anonymous_9)
FN:25,(anonymous_10)
FN:30,(anonymous_11)
FN:33,(anonymous_12)
FN:36,(anonymous_13)
FN:41,(anonymous_14)
FN:41,(anonymous_15)
FNF:9
FNH:1
FNDA:1,(anonymous_7)
FNDA:0,(anonymous_8)
FNDA:0,(anonymous_9)
FNDA:0,(anonymous_10)
FNDA:0,(anonymous_11)
FNDA:0,(anonymous_12)
FNDA:0,(anonymous_13)
FNDA:0,(anonymous_14)
FNDA:0,(anonymous_15)
DA:1,1
DA:3,1
DA:4,1
DA:6,1
DA:9,1
DA:10,1
DA:11,1
DA:12,1
DA:16,1
DA:17,1
DA:19,1
DA:20,0
DA:23,0
DA:26,0
DA:30,1
DA:31,0
DA:34,0
DA:37,0
DA:41,1
DA:42,0
DA:43,0
DA:45,0
DA:46,0
DA:48,0
DA:49,0
DA:52,0
DA:53,0
DA:54,0
DA:56,0
DA:58,0
DA:60,0
DA:61,0
DA:62,0
DA:64,0
DA:66,0
DA:68,0
DA:69,0
DA:70,0
DA:72,0
DA:74,0
LF:40
LH:13
BRDA:9,0,0,1
BRDA:9,0,1,1
BRDA:42,1,0,0
BRDA:45,2,0,0
BRDA:48,3,0,0
BRDA:52,4,0,0
BRDA:52,4,1,0
BRDA:60,5,0,0
BRDA:60,5,1,0
BRDA:68,6,0,0
BRF:10
BRH:2
end_of_record
TN:
SF:src/routes/routers/user-router.ts
FN:11,(anonymous_0)
FN:14,(anonymous_1)
FN:17,(anonymous_2)
FN:22,(anonymous_3)
FN:25,(anonymous_4)
FN:28,(anonymous_5)
FN:33,(anonymous_6)
FN:39,(anonymous_7)
FN:42,(anonymous_8)
FN:47,(anonymous_9)
FN:50,(anonymous_10)
FN:53,(anonymous_11)
FN:60,(anonymous_12)
FN:66,(anonymous_13)
FN:69,(anonymous_14)
FNF:15
FNH:0
FNDA:0,(anonymous_0)
FNDA:0,(anonymous_1)
FNDA:0,(anonymous_2)
FNDA:0,(anonymous_3)
FNDA:0,(anonymous_4)
FNDA:0,(anonymous_5)
FNDA:0,(anonymous_6)
FNDA:0,(anonymous_7)
FNDA:0,(anonymous_8)
FNDA:0,(anonymous_9)
FNDA:0,(anonymous_10)
FNDA:0,(anonymous_11)
FNDA:0,(anonymous_12)
FNDA:0,(anonymous_13)
FNDA:0,(anonymous_14)
DA:1,1
DA:3,1
DA:4,1
DA:6,1
DA:8,1
DA:9,1
DA:11,1
DA:12,0
DA:15,0
DA:18,0
DA:22,1
DA:23,0
DA:26,0
DA:29,0
DA:33,1
DA:34,0
DA:35,0
DA:37,0
DA:40,0
DA:43,0
DA:47,1
DA:48,0
DA:51,0
DA:54,0
DA:58,1
DA:61,0
DA:62,0
DA:64,0
DA:67,0
DA:70,0
LF:30
LH:11
BRDA:34,0,0,0
BRDA:61,1,0,0
BRF:2
BRH:0
end_of_record
TN:
SF:src/utils/basic-events-repository.ts
FN:6,(anonymous_0)
FNF:1
FNH:0
FNDA:0,(anonymous_0)
DA:1,1
DA:3,1
DA:7,0
DA:8,0
DA:10,0
LF:5
LH:2
BRDA:7,0,0,0
BRF:1
BRH:0
end_of_record
TN:
SF:src/utils/jwt.ts
FN:18,(anonymous_8)
FN:26,(anonymous_9)
FN:26,(anonymous_10)
FN:30,(anonymous_11)
FN:38,(anonymous_12)
FN:38,(anonymous_13)
FN:42,(anonymous_14)
FN:69,(anonymous_15)
FNF:8
FNH:2
FNDA:1,(anonymous_8)
FNDA:0,(anonymous_9)
FNDA:0,(anonymous_10)
FNDA:1,(anonymous_11)
FNDA:0,(anonymous_12)
FNDA:0,(anonymous_13)
FNDA:0,(anonymous_14)
FNDA:0,(anonymous_15)
DA:2,1
DA:18,1
DA:19,1
DA:26,1
DA:27,0
DA:30,1
DA:31,1
DA:38,1
DA:39,0
DA:42,1
DA:43,0
DA:44,0
DA:45,0
DA:46,0
DA:50,0
DA:51,0
DA:55,0
DA:56,0
DA:61,0
DA:63,0
DA:69,1
DA:70,0
DA:71,0
DA:72,0
DA:73,0
DA:77,0
DA:78,0
DA:79,0
DA:83,0
DA:84,0
DA:89,0
LF:31
LH:9
BRDA:21,0,0,1
BRDA:21,0,1,1
BRDA:27,1,0,0
BRDA:27,1,1,0
BRDA:33,2,0,1
BRDA:33,2,1,1
BRDA:39,3,0,0
BRDA:39,3,1,0
BRDA:45,4,0,0
BRDA:53,5,0,0
BRDA:53,5,1,0
BRDA:72,6,0,0
BRDA:78,7,0,0
BRDA:78,7,1,0
BRF:14
BRH:4
end_of_record
TN:
SF:src/utils/mongoose.ts
FN:3,(anonymous_8)
FN:12,(anonymous_10)
FNF:2
FNH:2
FNDA:1,(anonymous_8)
FNDA:1,(anonymous_10)
DA:1,1
DA:2,1
DA:4,1
DA:5,1
DA:6,1
DA:8,0
DA:13,1
LF:7
LH:6
BRF:0
BRH:0
end_of_record
TN:
SF:src/utils/rabbit-mq.ts
FN:10,(anonymous_8)
FN:17,(anonymous_10)
FN:23,(anonymous_12)
FN:30,(anonymous_13)
FN:34,(anonymous_14)
FN:44,(anonymous_16)
FNF:6
FNH:6
FNDA:1,(anonymous_8)
FNDA:1,(anonymous_10)
FNDA:1,(anonymous_12)
FNDA:1,(anonymous_13)
FNDA:1,(anonymous_14)
FNDA:2,(anonymous_16)
DA:1,1
DA:3,1
DA:11,1
DA:12,1
DA:13,1
DA:18,1
DA:19,1
DA:24,1
DA:25,0
DA:27,1
DA:31,1
DA:35,1
DA:36,1
DA:37,1
DA:38,1
DA:40,0
DA:45,2
LF:17
LH:15
BRDA:11,0,0,1
BRDA:18,1,0,1
BRDA:19,2,0,0
BRDA:19,2,1,1
BRDA:19,3,0,1
BRDA:19,3,1,1
BRDA:24,4,0,0
BRF:7
BRH:5
end_of_record
TN:
SF:tests/api/user-api.ts
FN:5,(anonymous_7)
FN:13,(anonymous_8)
FN:22,(anonymous_10)
FN:32,(anonymous_12)
FNF:4
FNH:4
FNDA:1,(anonymous_7)
FNDA:1,(anonymous_8)
FNDA:1,(anonymous_10)
FNDA:1,(anonymous_12)
DA:2,1
DA:6,1
DA:9,1
DA:14,1
DA:23,1
DA:27,1
DA:28,1
DA:33,1
DA:34,1
LF:9
LH:9
BRF:0
BRH:0
end_of_record
